{"C:\\Users\\sama\\SE_Mini_Project\\PESU_RR_AIML_D_P23_Real_time_Weather_Analytics_and_Prediction_Tool_Team-4Cast\\backend\\admin.js": {"path":"C:\\Users\\sama\\SE_Mini_Project\\PESU_RR_AIML_D_P23_Real_time_Weather_Analytics_and_Prediction_Tool_Team-4Cast\\backend\\admin.js","statementMap":{"0":{"start":{"line":1,"column":11},"end":{"line":1,"column":24}},"1":{"start":{"line":2,"column":13},"end":{"line":2,"column":28}},"2":{"start":{"line":3,"column":14},"end":{"line":3,"column":30}},"3":{"start":{"line":5,"column":21},"end":{"line":5,"column":59}},"4":{"start":{"line":6,"column":23},"end":{"line":6,"column":70}},"5":{"start":{"line":10,"column":4},"end":{"line":86,"column":7}},"6":{"start":{"line":12,"column":23},"end":{"line":12,"column":74}},"7":{"start":{"line":13,"column":8},"end":{"line":13,"column":80}},"8":{"start":{"line":15,"column":8},"end":{"line":18,"column":9}},"9":{"start":{"line":16,"column":12},"end":{"line":16,"column":70}},"10":{"start":{"line":17,"column":12},"end":{"line":17,"column":19}},"11":{"start":{"line":20,"column":8},"end":{"line":23,"column":9}},"12":{"start":{"line":21,"column":12},"end":{"line":21,"column":78}},"13":{"start":{"line":22,"column":12},"end":{"line":22,"column":19}},"14":{"start":{"line":27,"column":8},"end":{"line":41,"column":9}},"15":{"start":{"line":29,"column":16},"end":{"line":29,"column":114}},"16":{"start":{"line":30,"column":16},"end":{"line":30,"column":22}},"17":{"start":{"line":32,"column":16},"end":{"line":32,"column":93}},"18":{"start":{"line":33,"column":16},"end":{"line":33,"column":22}},"19":{"start":{"line":35,"column":16},"end":{"line":35,"column":116}},"20":{"start":{"line":36,"column":16},"end":{"line":36,"column":22}},"21":{"start":{"line":38,"column":16},"end":{"line":38,"column":61}},"22":{"start":{"line":39,"column":16},"end":{"line":39,"column":82}},"23":{"start":{"line":40,"column":16},"end":{"line":40,"column":23}},"24":{"start":{"line":43,"column":4},"end":{"line":43,"column":54}},"25":{"start":{"line":45,"column":25},"end":{"line":45,"column":78}},"26":{"start":{"line":46,"column":8},"end":{"line":85,"column":11}},"27":{"start":{"line":47,"column":23},"end":{"line":47,"column":25}},"28":{"start":{"line":48,"column":12},"end":{"line":48,"column":59}},"29":{"start":{"line":48,"column":41},"end":{"line":48,"column":55}},"30":{"start":{"line":49,"column":12},"end":{"line":82,"column":15}},"31":{"start":{"line":50,"column":16},"end":{"line":81,"column":17}},"32":{"start":{"line":51,"column":35},"end":{"line":51,"column":51}},"33":{"start":{"line":52,"column":34},"end":{"line":52,"column":39}},"34":{"start":{"line":53,"column":32},"end":{"line":53,"column":36}},"35":{"start":{"line":55,"column":20},"end":{"line":72,"column":21}},"36":{"start":{"line":57,"column":28},"end":{"line":62,"column":29}},"37":{"start":{"line":58,"column":32},"end":{"line":58,"column":61}},"38":{"start":{"line":59,"column":32},"end":{"line":59,"column":73}},"39":{"start":{"line":61,"column":32},"end":{"line":61,"column":47}},"40":{"start":{"line":63,"column":28},"end":{"line":63,"column":34}},"41":{"start":{"line":65,"column":28},"end":{"line":65,"column":52}},"42":{"start":{"line":66,"column":28},"end":{"line":66,"column":79}},"43":{"start":{"line":67,"column":28},"end":{"line":67,"column":34}},"44":{"start":{"line":69,"column":28},"end":{"line":69,"column":60}},"45":{"start":{"line":70,"column":28},"end":{"line":70,"column":90}},"46":{"start":{"line":71,"column":28},"end":{"line":71,"column":34}},"47":{"start":{"line":74,"column":20},"end":{"line":74,"column":112}},"48":{"start":{"line":75,"column":20},"end":{"line":78,"column":23}},"49":{"start":{"line":80,"column":20},"end":{"line":80,"column":79}},"50":{"start":{"line":84,"column":12},"end":{"line":84,"column":60}},"51":{"start":{"line":90,"column":4},"end":{"line":108,"column":5}},"52":{"start":{"line":91,"column":8},"end":{"line":103,"column":9}},"53":{"start":{"line":92,"column":32},"end":{"line":100,"column":13}},"54":{"start":{"line":101,"column":12},"end":{"line":101,"column":81}},"55":{"start":{"line":102,"column":12},"end":{"line":102,"column":31}},"56":{"start":{"line":104,"column":8},"end":{"line":104,"column":57}},"57":{"start":{"line":106,"column":8},"end":{"line":106,"column":56}},"58":{"start":{"line":107,"column":8},"end":{"line":107,"column":56}},"59":{"start":{"line":112,"column":4},"end":{"line":112,"column":66}},"60":{"start":{"line":116,"column":0},"end":{"line":191,"column":2}},"61":{"start":{"line":117,"column":4},"end":{"line":190,"column":5}},"62":{"start":{"line":118,"column":8},"end":{"line":118,"column":52}},"63":{"start":{"line":120,"column":8},"end":{"line":120,"column":62}},"64":{"start":{"line":123,"column":8},"end":{"line":128,"column":9}},"65":{"start":{"line":124,"column":12},"end":{"line":127,"column":15}},"66":{"start":{"line":130,"column":55},"end":{"line":130,"column":63}},"67":{"start":{"line":132,"column":8},"end":{"line":132,"column":97}},"68":{"start":{"line":134,"column":8},"end":{"line":140,"column":9}},"69":{"start":{"line":135,"column":12},"end":{"line":135,"column":54}},"70":{"start":{"line":136,"column":12},"end":{"line":139,"column":15}},"71":{"start":{"line":142,"column":8},"end":{"line":148,"column":9}},"72":{"start":{"line":143,"column":12},"end":{"line":143,"column":57}},"73":{"start":{"line":144,"column":12},"end":{"line":147,"column":15}},"74":{"start":{"line":151,"column":27},"end":{"line":151,"column":64}},"75":{"start":{"line":152,"column":8},"end":{"line":152,"column":54}},"76":{"start":{"line":154,"column":8},"end":{"line":159,"column":9}},"77":{"start":{"line":155,"column":12},"end":{"line":158,"column":15}},"78":{"start":{"line":162,"column":21},"end":{"line":162,"column":31}},"79":{"start":{"line":163,"column":8},"end":{"line":165,"column":9}},"80":{"start":{"line":164,"column":12},"end":{"line":164,"column":30}},"81":{"start":{"line":168,"column":8},"end":{"line":168,"column":27}},"82":{"start":{"line":170,"column":8},"end":{"line":176,"column":10}},"83":{"start":{"line":178,"column":8},"end":{"line":178,"column":24}},"84":{"start":{"line":179,"column":8},"end":{"line":179,"column":50}},"85":{"start":{"line":181,"column":8},"end":{"line":185,"column":11}},"86":{"start":{"line":188,"column":8},"end":{"line":188,"column":53}},"87":{"start":{"line":189,"column":8},"end":{"line":189,"column":20}},"88":{"start":{"line":194,"column":0},"end":{"line":210,"column":2}},"89":{"start":{"line":195,"column":17},"end":{"line":195,"column":27}},"90":{"start":{"line":197,"column":26},"end":{"line":204,"column":10}},"91":{"start":{"line":198,"column":8},"end":{"line":202,"column":10}},"92":{"start":{"line":203,"column":8},"end":{"line":203,"column":19}},"93":{"start":{"line":206,"column":4},"end":{"line":209,"column":7}},"94":{"start":{"line":213,"column":0},"end":{"line":322,"column":2}},"95":{"start":{"line":214,"column":17},"end":{"line":214,"column":27}},"96":{"start":{"line":215,"column":19},"end":{"line":215,"column":52}},"97":{"start":{"line":217,"column":4},"end":{"line":222,"column":5}},"98":{"start":{"line":218,"column":8},"end":{"line":221,"column":11}},"99":{"start":{"line":224,"column":4},"end":{"line":321,"column":5}},"100":{"start":{"line":226,"column":22},"end":{"line":226,"column":63}},"101":{"start":{"line":227,"column":32},"end":{"line":258,"column":9}},"102":{"start":{"line":228,"column":12},"end":{"line":257,"column":14}},"103":{"start":{"line":229,"column":28},"end":{"line":229,"column":116}},"104":{"start":{"line":230,"column":16},"end":{"line":256,"column":19}},"105":{"start":{"line":231,"column":31},"end":{"line":231,"column":33}},"106":{"start":{"line":232,"column":20},"end":{"line":232,"column":67}},"107":{"start":{"line":232,"column":49},"end":{"line":232,"column":63}},"108":{"start":{"line":233,"column":20},"end":{"line":250,"column":23}},"109":{"start":{"line":234,"column":24},"end":{"line":249,"column":25}},"110":{"start":{"line":235,"column":44},"end":{"line":235,"column":60}},"111":{"start":{"line":236,"column":28},"end":{"line":243,"column":31}},"112":{"start":{"line":245,"column":28},"end":{"line":248,"column":31}},"113":{"start":{"line":252,"column":20},"end":{"line":255,"column":23}},"114":{"start":{"line":260,"column":28},"end":{"line":260,"column":62}},"115":{"start":{"line":263,"column":24},"end":{"line":263,"column":115}},"116":{"start":{"line":265,"column":32},"end":{"line":267,"column":18}},"117":{"start":{"line":265,"column":40},"end":{"line":267,"column":18}},"118":{"start":{"line":269,"column":21},"end":{"line":278,"column":10}},"119":{"start":{"line":270,"column":12},"end":{"line":277,"column":14}},"120":{"start":{"line":280,"column":27},"end":{"line":280,"column":44}},"121":{"start":{"line":281,"column":25},"end":{"line":281,"column":97}},"122":{"start":{"line":281,"column":39},"end":{"line":281,"column":78}},"123":{"start":{"line":281,"column":54},"end":{"line":281,"column":67}},"124":{"start":{"line":282,"column":20},"end":{"line":282,"column":48}},"125":{"start":{"line":284,"column":8},"end":{"line":284,"column":65}},"126":{"start":{"line":285,"column":8},"end":{"line":285,"column":88}},"127":{"start":{"line":288,"column":8},"end":{"line":310,"column":9}},"128":{"start":{"line":289,"column":31},"end":{"line":289,"column":79}},"129":{"start":{"line":292,"column":12},"end":{"line":307,"column":13}},"130":{"start":{"line":293,"column":33},"end":{"line":293,"column":68}},"131":{"start":{"line":294,"column":16},"end":{"line":303,"column":17}},"132":{"start":{"line":295,"column":36},"end":{"line":295,"column":69}},"133":{"start":{"line":296,"column":20},"end":{"line":296,"column":57}},"134":{"start":{"line":297,"column":20},"end":{"line":297,"column":71}},"135":{"start":{"line":299,"column":20},"end":{"line":299,"column":87}},"136":{"start":{"line":302,"column":20},"end":{"line":302,"column":68}},"137":{"start":{"line":306,"column":16},"end":{"line":306,"column":83}},"138":{"start":{"line":309,"column":12},"end":{"line":309,"column":68}},"139":{"start":{"line":313,"column":8},"end":{"line":313,"column":33}},"140":{"start":{"line":316,"column":8},"end":{"line":316,"column":57}},"141":{"start":{"line":317,"column":8},"end":{"line":320,"column":11}},"142":{"start":{"line":325,"column":0},"end":{"line":335,"column":2}},"143":{"start":{"line":326,"column":17},"end":{"line":326,"column":27}},"144":{"start":{"line":327,"column":4},"end":{"line":334,"column":7}},"145":{"start":{"line":337,"column":0},"end":{"line":372,"column":2}},"146":{"start":{"line":338,"column":34},"end":{"line":338,"column":42}},"147":{"start":{"line":340,"column":4},"end":{"line":342,"column":5}},"148":{"start":{"line":341,"column":8},"end":{"line":341,"column":90}},"149":{"start":{"line":344,"column":4},"end":{"line":346,"column":5}},"150":{"start":{"line":345,"column":8},"end":{"line":345,"column":104}},"151":{"start":{"line":348,"column":17},"end":{"line":348,"column":27}},"152":{"start":{"line":351,"column":4},"end":{"line":353,"column":5}},"153":{"start":{"line":351,"column":29},"end":{"line":351,"column":72}},"154":{"start":{"line":352,"column":8},"end":{"line":352,"column":105}},"155":{"start":{"line":356,"column":20},"end":{"line":362,"column":5}},"156":{"start":{"line":357,"column":64},"end":{"line":357,"column":76}},"157":{"start":{"line":364,"column":4},"end":{"line":364,"column":29}},"158":{"start":{"line":365,"column":4},"end":{"line":365,"column":20}},"159":{"start":{"line":367,"column":4},"end":{"line":371,"column":7}},"160":{"start":{"line":374,"column":0},"end":{"line":423,"column":2}},"161":{"start":{"line":376,"column":44},"end":{"line":376,"column":52}},"162":{"start":{"line":378,"column":4},"end":{"line":380,"column":5}},"163":{"start":{"line":379,"column":8},"end":{"line":379,"column":84}},"164":{"start":{"line":382,"column":17},"end":{"line":382,"column":27}},"165":{"start":{"line":385,"column":20},"end":{"line":390,"column":5}},"166":{"start":{"line":393,"column":24},"end":{"line":393,"column":26}},"167":{"start":{"line":394,"column":4},"end":{"line":396,"column":5}},"168":{"start":{"line":395,"column":8},"end":{"line":395,"column":79}},"169":{"start":{"line":395,"column":50},"end":{"line":395,"column":77}},"170":{"start":{"line":397,"column":4},"end":{"line":399,"column":5}},"171":{"start":{"line":398,"column":8},"end":{"line":398,"column":119}},"172":{"start":{"line":398,"column":50},"end":{"line":398,"column":117}},"173":{"start":{"line":400,"column":4},"end":{"line":402,"column":5}},"174":{"start":{"line":401,"column":8},"end":{"line":401,"column":67}},"175":{"start":{"line":401,"column":50},"end":{"line":401,"column":65}},"176":{"start":{"line":404,"column":4},"end":{"line":415,"column":5}},"177":{"start":{"line":406,"column":8},"end":{"line":406,"column":64}},"178":{"start":{"line":408,"column":8},"end":{"line":408,"column":90}},"179":{"start":{"line":411,"column":8},"end":{"line":413,"column":9}},"180":{"start":{"line":412,"column":12},"end":{"line":412,"column":99}},"181":{"start":{"line":412,"column":78},"end":{"line":412,"column":87}},"182":{"start":{"line":414,"column":8},"end":{"line":414,"column":33}},"183":{"start":{"line":417,"column":4},"end":{"line":417,"column":20}},"184":{"start":{"line":418,"column":4},"end":{"line":422,"column":7}},"185":{"start":{"line":426,"column":0},"end":{"line":429,"column":2}},"186":{"start":{"line":427,"column":17},"end":{"line":427,"column":27}},"187":{"start":{"line":428,"column":4},"end":{"line":428,"column":48}},"188":{"start":{"line":432,"column":0},"end":{"line":461,"column":2}},"189":{"start":{"line":433,"column":19},"end":{"line":433,"column":29}},"190":{"start":{"line":434,"column":4},"end":{"line":436,"column":5}},"191":{"start":{"line":435,"column":8},"end":{"line":435,"column":88}},"192":{"start":{"line":438,"column":17},"end":{"line":438,"column":27}},"193":{"start":{"line":439,"column":22},"end":{"line":439,"column":76}},"194":{"start":{"line":439,"column":48},"end":{"line":439,"column":75}},"195":{"start":{"line":441,"column":4},"end":{"line":443,"column":5}},"196":{"start":{"line":442,"column":8},"end":{"line":442,"column":83}},"197":{"start":{"line":445,"column":24},"end":{"line":445,"column":45}},"198":{"start":{"line":446,"column":4},"end":{"line":451,"column":5}},"199":{"start":{"line":447,"column":8},"end":{"line":450,"column":11}},"200":{"start":{"line":453,"column":4},"end":{"line":453,"column":36}},"201":{"start":{"line":454,"column":4},"end":{"line":454,"column":20}},"202":{"start":{"line":456,"column":4},"end":{"line":460,"column":7}},"203":{"start":{"line":463,"column":0},"end":{"line":484,"column":2}},"204":{"start":{"line":464,"column":4},"end":{"line":483,"column":5}},"205":{"start":{"line":465,"column":59},"end":{"line":465,"column":73}},"206":{"start":{"line":466,"column":21},"end":{"line":466,"column":31}},"207":{"start":{"line":468,"column":8},"end":{"line":468,"column":44}},"208":{"start":{"line":470,"column":8},"end":{"line":470,"column":82}},"209":{"start":{"line":470,"column":44},"end":{"line":470,"column":82}},"210":{"start":{"line":471,"column":8},"end":{"line":471,"column":126}},"211":{"start":{"line":471,"column":78},"end":{"line":471,"column":126}},"212":{"start":{"line":472,"column":8},"end":{"line":472,"column":74}},"213":{"start":{"line":472,"column":38},"end":{"line":472,"column":74}},"214":{"start":{"line":474,"column":8},"end":{"line":476,"column":9}},"215":{"start":{"line":475,"column":12},"end":{"line":475,"column":94}},"216":{"start":{"line":475,"column":68},"end":{"line":475,"column":76}},"217":{"start":{"line":478,"column":8},"end":{"line":478,"column":24}},"218":{"start":{"line":479,"column":8},"end":{"line":479,"column":61}},"219":{"start":{"line":481,"column":8},"end":{"line":481,"column":57}},"220":{"start":{"line":482,"column":8},"end":{"line":482,"column":87}},"221":{"start":{"line":488,"column":0},"end":{"line":506,"column":2}},"222":{"start":{"line":490,"column":13},"end":{"line":490,"column":26}},"223":{"start":{"line":491,"column":15},"end":{"line":491,"column":30}},"224":{"start":{"line":492,"column":23},"end":{"line":492,"column":61}},"225":{"start":{"line":493,"column":21},"end":{"line":493,"column":22}},"226":{"start":{"line":494,"column":21},"end":{"line":494,"column":22}},"227":{"start":{"line":495,"column":22},"end":{"line":495,"column":23}},"228":{"start":{"line":498,"column":21},"end":{"line":498,"column":68}},"229":{"start":{"line":499,"column":2},"end":{"line":502,"column":3}},"230":{"start":{"line":500,"column":17},"end":{"line":500,"column":71}},"231":{"start":{"line":501,"column":4},"end":{"line":501,"column":48}},"232":{"start":{"line":505,"column":2},"end":{"line":505,"column":58}},"233":{"start":{"line":509,"column":0},"end":{"line":516,"column":2}},"234":{"start":{"line":510,"column":2},"end":{"line":515,"column":5}}},"fnMap":{"0":{"name":"validateApiKey","decl":{"start":{"line":9,"column":15},"end":{"line":9,"column":29}},"loc":{"start":{"line":9,"column":47},"end":{"line":87,"column":1}},"line":9},"1":{"name":"(anonymous_1)","decl":{"start":{"line":10,"column":23},"end":{"line":10,"column":24}},"loc":{"start":{"line":10,"column":36},"end":{"line":86,"column":5}},"line":10},"2":{"name":"(anonymous_2)","decl":{"start":{"line":46,"column":30},"end":{"line":46,"column":31}},"loc":{"start":{"line":46,"column":40},"end":{"line":83,"column":9}},"line":46},"3":{"name":"(anonymous_3)","decl":{"start":{"line":48,"column":28},"end":{"line":48,"column":29}},"loc":{"start":{"line":48,"column":39},"end":{"line":48,"column":57}},"line":48},"4":{"name":"(anonymous_4)","decl":{"start":{"line":49,"column":27},"end":{"line":49,"column":28}},"loc":{"start":{"line":49,"column":33},"end":{"line":82,"column":13}},"line":49},"5":{"name":"(anonymous_5)","decl":{"start":{"line":83,"column":23},"end":{"line":83,"column":24}},"loc":{"start":{"line":83,"column":32},"end":{"line":85,"column":9}},"line":83},"6":{"name":"readData","decl":{"start":{"line":89,"column":9},"end":{"line":89,"column":17}},"loc":{"start":{"line":89,"column":20},"end":{"line":109,"column":1}},"line":89},"7":{"name":"writeData","decl":{"start":{"line":111,"column":9},"end":{"line":111,"column":18}},"loc":{"start":{"line":111,"column":25},"end":{"line":113,"column":1}},"line":111},"8":{"name":"(anonymous_8)","decl":{"start":{"line":116,"column":21},"end":{"line":116,"column":22}},"loc":{"start":{"line":116,"column":47},"end":{"line":191,"column":1}},"line":116},"9":{"name":"(anonymous_9)","decl":{"start":{"line":194,"column":20},"end":{"line":194,"column":21}},"loc":{"start":{"line":194,"column":34},"end":{"line":210,"column":1}},"line":194},"10":{"name":"(anonymous_10)","decl":{"start":{"line":197,"column":68},"end":{"line":197,"column":69}},"loc":{"start":{"line":197,"column":94},"end":{"line":204,"column":5}},"line":197},"11":{"name":"(anonymous_11)","decl":{"start":{"line":213,"column":23},"end":{"line":213,"column":24}},"loc":{"start":{"line":213,"column":43},"end":{"line":322,"column":1}},"line":213},"12":{"name":"(anonymous_12)","decl":{"start":{"line":227,"column":46},"end":{"line":227,"column":47}},"loc":{"start":{"line":228,"column":12},"end":{"line":257,"column":14}},"line":228},"13":{"name":"(anonymous_13)","decl":{"start":{"line":228,"column":24},"end":{"line":228,"column":25}},"loc":{"start":{"line":228,"column":37},"end":{"line":257,"column":13}},"line":228},"14":{"name":"(anonymous_14)","decl":{"start":{"line":230,"column":31},"end":{"line":230,"column":32}},"loc":{"start":{"line":230,"column":41},"end":{"line":251,"column":17}},"line":230},"15":{"name":"(anonymous_15)","decl":{"start":{"line":232,"column":36},"end":{"line":232,"column":37}},"loc":{"start":{"line":232,"column":47},"end":{"line":232,"column":65}},"line":232},"16":{"name":"(anonymous_16)","decl":{"start":{"line":233,"column":35},"end":{"line":233,"column":36}},"loc":{"start":{"line":233,"column":41},"end":{"line":250,"column":21}},"line":233},"17":{"name":"(anonymous_17)","decl":{"start":{"line":251,"column":31},"end":{"line":251,"column":32}},"loc":{"start":{"line":251,"column":37},"end":{"line":256,"column":17}},"line":251},"18":{"name":"(anonymous_18)","decl":{"start":{"line":265,"column":32},"end":{"line":265,"column":33}},"loc":{"start":{"line":265,"column":40},"end":{"line":267,"column":18}},"line":265},"19":{"name":"(anonymous_19)","decl":{"start":{"line":269,"column":37},"end":{"line":269,"column":38}},"loc":{"start":{"line":269,"column":42},"end":{"line":278,"column":9}},"line":269},"20":{"name":"(anonymous_20)","decl":{"start":{"line":281,"column":34},"end":{"line":281,"column":35}},"loc":{"start":{"line":281,"column":39},"end":{"line":281,"column":78}},"line":281},"21":{"name":"(anonymous_21)","decl":{"start":{"line":281,"column":45},"end":{"line":281,"column":46}},"loc":{"start":{"line":281,"column":54},"end":{"line":281,"column":67}},"line":281},"22":{"name":"(anonymous_22)","decl":{"start":{"line":325,"column":19},"end":{"line":325,"column":20}},"loc":{"start":{"line":325,"column":33},"end":{"line":335,"column":1}},"line":325},"23":{"name":"(anonymous_23)","decl":{"start":{"line":337,"column":21},"end":{"line":337,"column":22}},"loc":{"start":{"line":337,"column":35},"end":{"line":372,"column":1}},"line":337},"24":{"name":"(anonymous_24)","decl":{"start":{"line":351,"column":24},"end":{"line":351,"column":25}},"loc":{"start":{"line":351,"column":29},"end":{"line":351,"column":72}},"line":351},"25":{"name":"(anonymous_25)","decl":{"start":{"line":357,"column":59},"end":{"line":357,"column":60}},"loc":{"start":{"line":357,"column":64},"end":{"line":357,"column":76}},"line":357},"26":{"name":"(anonymous_26)","decl":{"start":{"line":374,"column":21},"end":{"line":374,"column":22}},"loc":{"start":{"line":374,"column":35},"end":{"line":423,"column":1}},"line":374},"27":{"name":"(anonymous_27)","decl":{"start":{"line":395,"column":45},"end":{"line":395,"column":46}},"loc":{"start":{"line":395,"column":50},"end":{"line":395,"column":77}},"line":395},"28":{"name":"(anonymous_28)","decl":{"start":{"line":398,"column":45},"end":{"line":398,"column":46}},"loc":{"start":{"line":398,"column":50},"end":{"line":398,"column":117}},"line":398},"29":{"name":"(anonymous_29)","decl":{"start":{"line":401,"column":45},"end":{"line":401,"column":46}},"loc":{"start":{"line":401,"column":50},"end":{"line":401,"column":65}},"line":401},"30":{"name":"(anonymous_30)","decl":{"start":{"line":412,"column":73},"end":{"line":412,"column":74}},"loc":{"start":{"line":412,"column":78},"end":{"line":412,"column":87}},"line":412},"31":{"name":"(anonymous_31)","decl":{"start":{"line":426,"column":22},"end":{"line":426,"column":23}},"loc":{"start":{"line":426,"column":36},"end":{"line":429,"column":1}},"line":426},"32":{"name":"(anonymous_32)","decl":{"start":{"line":432,"column":21},"end":{"line":432,"column":22}},"loc":{"start":{"line":432,"column":35},"end":{"line":461,"column":1}},"line":432},"33":{"name":"(anonymous_33)","decl":{"start":{"line":439,"column":43},"end":{"line":439,"column":44}},"loc":{"start":{"line":439,"column":48},"end":{"line":439,"column":75}},"line":439},"34":{"name":"(anonymous_34)","decl":{"start":{"line":463,"column":25},"end":{"line":463,"column":26}},"loc":{"start":{"line":463,"column":39},"end":{"line":484,"column":1}},"line":463},"35":{"name":"(anonymous_35)","decl":{"start":{"line":475,"column":63},"end":{"line":475,"column":64}},"loc":{"start":{"line":475,"column":68},"end":{"line":475,"column":76}},"line":475},"36":{"name":"(anonymous_36)","decl":{"start":{"line":488,"column":28},"end":{"line":488,"column":29}},"loc":{"start":{"line":488,"column":42},"end":{"line":506,"column":1}},"line":488},"37":{"name":"(anonymous_37)","decl":{"start":{"line":509,"column":27},"end":{"line":509,"column":28}},"loc":{"start":{"line":509,"column":41},"end":{"line":516,"column":1}},"line":509}},"branchMap":{"0":{"loc":{"start":{"line":12,"column":23},"end":{"line":12,"column":74}},"type":"cond-expr","locations":[{"start":{"line":12,"column":32},"end":{"line":12,"column":65}},{"start":{"line":12,"column":68},"end":{"line":12,"column":74}}],"line":12},"1":{"loc":{"start":{"line":15,"column":8},"end":{"line":18,"column":9}},"type":"if","locations":[{"start":{"line":15,"column":8},"end":{"line":18,"column":9}},{"start":{},"end":{}}],"line":15},"2":{"loc":{"start":{"line":20,"column":8},"end":{"line":23,"column":9}},"type":"if","locations":[{"start":{"line":20,"column":8},"end":{"line":23,"column":9}},{"start":{},"end":{}}],"line":20},"3":{"loc":{"start":{"line":27,"column":8},"end":{"line":41,"column":9}},"type":"switch","locations":[{"start":{"line":28,"column":12},"end":{"line":30,"column":22}},{"start":{"line":31,"column":12},"end":{"line":33,"column":22}},{"start":{"line":34,"column":12},"end":{"line":36,"column":22}},{"start":{"line":37,"column":12},"end":{"line":40,"column":23}}],"line":27},"4":{"loc":{"start":{"line":45,"column":25},"end":{"line":45,"column":78}},"type":"cond-expr","locations":[{"start":{"line":45,"column":55},"end":{"line":45,"column":60}},{"start":{"line":45,"column":63},"end":{"line":45,"column":78}}],"line":45},"5":{"loc":{"start":{"line":55,"column":20},"end":{"line":72,"column":21}},"type":"switch","locations":[{"start":{"line":56,"column":24},"end":{"line":63,"column":34}},{"start":{"line":64,"column":24},"end":{"line":67,"column":34}},{"start":{"line":68,"column":24},"end":{"line":71,"column":34}}],"line":55},"6":{"loc":{"start":{"line":57,"column":28},"end":{"line":62,"column":29}},"type":"if","locations":[{"start":{"line":57,"column":28},"end":{"line":62,"column":29}},{"start":{"line":60,"column":35},"end":{"line":62,"column":29}}],"line":57},"7":{"loc":{"start":{"line":59,"column":40},"end":{"line":59,"column":72}},"type":"cond-expr","locations":[{"start":{"line":59,"column":51},"end":{"line":59,"column":65}},{"start":{"line":59,"column":68},"end":{"line":59,"column":72}}],"line":59},"8":{"loc":{"start":{"line":66,"column":36},"end":{"line":66,"column":78}},"type":"cond-expr","locations":[{"start":{"line":66,"column":51},"end":{"line":66,"column":71}},{"start":{"line":66,"column":74},"end":{"line":66,"column":78}}],"line":66},"9":{"loc":{"start":{"line":70,"column":36},"end":{"line":70,"column":89}},"type":"cond-expr","locations":[{"start":{"line":70,"column":47},"end":{"line":70,"column":82}},{"start":{"line":70,"column":85},"end":{"line":70,"column":89}}],"line":70},"10":{"loc":{"start":{"line":77,"column":31},"end":{"line":77,"column":106}},"type":"binary-expr","locations":[{"start":{"line":77,"column":31},"end":{"line":77,"column":36}},{"start":{"line":77,"column":41},"end":{"line":77,"column":105}}],"line":77},"11":{"loc":{"start":{"line":77,"column":41},"end":{"line":77,"column":105}},"type":"cond-expr","locations":[{"start":{"line":77,"column":67},"end":{"line":77,"column":98}},{"start":{"line":77,"column":101},"end":{"line":77,"column":105}}],"line":77},"12":{"loc":{"start":{"line":91,"column":8},"end":{"line":103,"column":9}},"type":"if","locations":[{"start":{"line":91,"column":8},"end":{"line":103,"column":9}},{"start":{},"end":{}}],"line":91},"13":{"loc":{"start":{"line":123,"column":8},"end":{"line":128,"column":9}},"type":"if","locations":[{"start":{"line":123,"column":8},"end":{"line":128,"column":9}},{"start":{},"end":{}}],"line":123},"14":{"loc":{"start":{"line":130,"column":24},"end":{"line":130,"column":50}},"type":"default-arg","locations":[{"start":{"line":130,"column":34},"end":{"line":130,"column":50}}],"line":130},"15":{"loc":{"start":{"line":134,"column":8},"end":{"line":140,"column":9}},"type":"if","locations":[{"start":{"line":134,"column":8},"end":{"line":140,"column":9}},{"start":{},"end":{}}],"line":134},"16":{"loc":{"start":{"line":142,"column":8},"end":{"line":148,"column":9}},"type":"if","locations":[{"start":{"line":142,"column":8},"end":{"line":148,"column":9}},{"start":{},"end":{}}],"line":142},"17":{"loc":{"start":{"line":154,"column":8},"end":{"line":159,"column":9}},"type":"if","locations":[{"start":{"line":154,"column":8},"end":{"line":159,"column":9}},{"start":{},"end":{}}],"line":154},"18":{"loc":{"start":{"line":157,"column":25},"end":{"line":157,"column":72}},"type":"binary-expr","locations":[{"start":{"line":157,"column":25},"end":{"line":157,"column":41}},{"start":{"line":157,"column":45},"end":{"line":157,"column":72}}],"line":157},"19":{"loc":{"start":{"line":163,"column":8},"end":{"line":165,"column":9}},"type":"if","locations":[{"start":{"line":163,"column":8},"end":{"line":165,"column":9}},{"start":{},"end":{}}],"line":163},"20":{"loc":{"start":{"line":197,"column":41},"end":{"line":197,"column":59}},"type":"binary-expr","locations":[{"start":{"line":197,"column":41},"end":{"line":197,"column":53}},{"start":{"line":197,"column":57},"end":{"line":197,"column":59}}],"line":197},"21":{"loc":{"start":{"line":217,"column":4},"end":{"line":222,"column":5}},"type":"if","locations":[{"start":{"line":217,"column":4},"end":{"line":222,"column":5}},{"start":{},"end":{}}],"line":217},"22":{"loc":{"start":{"line":226,"column":22},"end":{"line":226,"column":63}},"type":"binary-expr","locations":[{"start":{"line":226,"column":22},"end":{"line":226,"column":46}},{"start":{"line":226,"column":50},"end":{"line":226,"column":63}}],"line":226},"23":{"loc":{"start":{"line":265,"column":40},"end":{"line":267,"column":18}},"type":"cond-expr","locations":[{"start":{"line":265,"column":45},"end":{"line":267,"column":10}},{"start":{"line":267,"column":13},"end":{"line":267,"column":18}}],"line":265},"24":{"loc":{"start":{"line":272,"column":17},"end":{"line":272,"column":85}},"type":"cond-expr","locations":[{"start":{"line":272,"column":53},"end":{"line":272,"column":77}},{"start":{"line":272,"column":80},"end":{"line":272,"column":85}}],"line":272},"25":{"loc":{"start":{"line":273,"column":17},"end":{"line":273,"column":76}},"type":"cond-expr","locations":[{"start":{"line":273,"column":50},"end":{"line":273,"column":68}},{"start":{"line":273,"column":71},"end":{"line":273,"column":76}}],"line":273},"26":{"loc":{"start":{"line":274,"column":16},"end":{"line":274,"column":37}},"type":"binary-expr","locations":[{"start":{"line":274,"column":16},"end":{"line":274,"column":28}},{"start":{"line":274,"column":32},"end":{"line":274,"column":37}}],"line":274},"27":{"loc":{"start":{"line":275,"column":17},"end":{"line":275,"column":81}},"type":"cond-expr","locations":[{"start":{"line":275,"column":51},"end":{"line":275,"column":73}},{"start":{"line":275,"column":76},"end":{"line":275,"column":81}}],"line":275},"28":{"loc":{"start":{"line":292,"column":12},"end":{"line":307,"column":13}},"type":"if","locations":[{"start":{"line":292,"column":12},"end":{"line":307,"column":13}},{"start":{"line":304,"column":19},"end":{"line":307,"column":13}}],"line":292},"29":{"loc":{"start":{"line":294,"column":16},"end":{"line":303,"column":17}},"type":"if","locations":[{"start":{"line":294,"column":16},"end":{"line":303,"column":17}},{"start":{"line":300,"column":23},"end":{"line":303,"column":17}}],"line":294},"30":{"loc":{"start":{"line":328,"column":15},"end":{"line":328,"column":31}},"type":"binary-expr","locations":[{"start":{"line":328,"column":15},"end":{"line":328,"column":25}},{"start":{"line":328,"column":29},"end":{"line":328,"column":31}}],"line":328},"31":{"loc":{"start":{"line":340,"column":4},"end":{"line":342,"column":5}},"type":"if","locations":[{"start":{"line":340,"column":4},"end":{"line":342,"column":5}},{"start":{},"end":{}}],"line":340},"32":{"loc":{"start":{"line":344,"column":4},"end":{"line":346,"column":5}},"type":"if","locations":[{"start":{"line":344,"column":4},"end":{"line":346,"column":5}},{"start":{},"end":{}}],"line":344},"33":{"loc":{"start":{"line":344,"column":8},"end":{"line":344,"column":79}},"type":"binary-expr","locations":[{"start":{"line":344,"column":8},"end":{"line":344,"column":20}},{"start":{"line":344,"column":24},"end":{"line":344,"column":51}},{"start":{"line":344,"column":55},"end":{"line":344,"column":79}}],"line":344},"34":{"loc":{"start":{"line":351,"column":4},"end":{"line":353,"column":5}},"type":"if","locations":[{"start":{"line":351,"column":4},"end":{"line":353,"column":5}},{"start":{},"end":{}}],"line":351},"35":{"loc":{"start":{"line":357,"column":12},"end":{"line":357,"column":86}},"type":"cond-expr","locations":[{"start":{"line":357,"column":32},"end":{"line":357,"column":82}},{"start":{"line":357,"column":85},"end":{"line":357,"column":86}}],"line":357},"36":{"loc":{"start":{"line":378,"column":4},"end":{"line":380,"column":5}},"type":"if","locations":[{"start":{"line":378,"column":4},"end":{"line":380,"column":5}},{"start":{},"end":{}}],"line":378},"37":{"loc":{"start":{"line":378,"column":8},"end":{"line":378,"column":22}},"type":"binary-expr","locations":[{"start":{"line":378,"column":8},"end":{"line":378,"column":13}},{"start":{"line":378,"column":17},"end":{"line":378,"column":22}}],"line":378},"38":{"loc":{"start":{"line":386,"column":12},"end":{"line":386,"column":87}},"type":"binary-expr","locations":[{"start":{"line":386,"column":12},"end":{"line":386,"column":14}},{"start":{"line":386,"column":19},"end":{"line":386,"column":86}}],"line":386},"39":{"loc":{"start":{"line":386,"column":19},"end":{"line":386,"column":86}},"type":"cond-expr","locations":[{"start":{"line":386,"column":26},"end":{"line":386,"column":73}},{"start":{"line":386,"column":76},"end":{"line":386,"column":86}}],"line":386},"40":{"loc":{"start":{"line":387,"column":14},"end":{"line":387,"column":26}},"type":"binary-expr","locations":[{"start":{"line":387,"column":14},"end":{"line":387,"column":18}},{"start":{"line":387,"column":22},"end":{"line":387,"column":26}}],"line":387},"41":{"loc":{"start":{"line":388,"column":21},"end":{"line":388,"column":98}},"type":"cond-expr","locations":[{"start":{"line":388,"column":50},"end":{"line":388,"column":61}},{"start":{"line":388,"column":65},"end":{"line":388,"column":97}}],"line":388},"42":{"loc":{"start":{"line":388,"column":65},"end":{"line":388,"column":97}},"type":"cond-expr","locations":[{"start":{"line":388,"column":79},"end":{"line":388,"column":92}},{"start":{"line":388,"column":95},"end":{"line":388,"column":97}}],"line":388},"43":{"loc":{"start":{"line":394,"column":4},"end":{"line":396,"column":5}},"type":"if","locations":[{"start":{"line":394,"column":4},"end":{"line":396,"column":5}},{"start":{},"end":{}}],"line":394},"44":{"loc":{"start":{"line":397,"column":4},"end":{"line":399,"column":5}},"type":"if","locations":[{"start":{"line":397,"column":4},"end":{"line":399,"column":5}},{"start":{},"end":{}}],"line":397},"45":{"loc":{"start":{"line":397,"column":8},"end":{"line":397,"column":44}},"type":"binary-expr","locations":[{"start":{"line":397,"column":8},"end":{"line":397,"column":28}},{"start":{"line":397,"column":32},"end":{"line":397,"column":44}}],"line":397},"46":{"loc":{"start":{"line":400,"column":4},"end":{"line":402,"column":5}},"type":"if","locations":[{"start":{"line":400,"column":4},"end":{"line":402,"column":5}},{"start":{},"end":{}}],"line":400},"47":{"loc":{"start":{"line":400,"column":8},"end":{"line":400,"column":36}},"type":"binary-expr","locations":[{"start":{"line":400,"column":8},"end":{"line":400,"column":28}},{"start":{"line":400,"column":32},"end":{"line":400,"column":36}}],"line":400},"48":{"loc":{"start":{"line":404,"column":4},"end":{"line":415,"column":5}},"type":"if","locations":[{"start":{"line":404,"column":4},"end":{"line":415,"column":5}},{"start":{"line":409,"column":11},"end":{"line":415,"column":5}}],"line":404},"49":{"loc":{"start":{"line":406,"column":21},"end":{"line":406,"column":63}},"type":"binary-expr","locations":[{"start":{"line":406,"column":21},"end":{"line":406,"column":49}},{"start":{"line":406,"column":53},"end":{"line":406,"column":63}}],"line":406},"50":{"loc":{"start":{"line":411,"column":8},"end":{"line":413,"column":9}},"type":"if","locations":[{"start":{"line":411,"column":8},"end":{"line":413,"column":9}},{"start":{},"end":{}}],"line":411},"51":{"loc":{"start":{"line":411,"column":12},"end":{"line":411,"column":58}},"type":"binary-expr","locations":[{"start":{"line":411,"column":12},"end":{"line":411,"column":23}},{"start":{"line":411,"column":27},"end":{"line":411,"column":58}}],"line":411},"52":{"loc":{"start":{"line":412,"column":26},"end":{"line":412,"column":97}},"type":"cond-expr","locations":[{"start":{"line":412,"column":46},"end":{"line":412,"column":93}},{"start":{"line":412,"column":96},"end":{"line":412,"column":97}}],"line":412},"53":{"loc":{"start":{"line":412,"column":78},"end":{"line":412,"column":87}},"type":"binary-expr","locations":[{"start":{"line":412,"column":78},"end":{"line":412,"column":82}},{"start":{"line":412,"column":86},"end":{"line":412,"column":87}}],"line":412},"54":{"loc":{"start":{"line":428,"column":25},"end":{"line":428,"column":44}},"type":"binary-expr","locations":[{"start":{"line":428,"column":25},"end":{"line":428,"column":38}},{"start":{"line":428,"column":42},"end":{"line":428,"column":44}}],"line":428},"55":{"loc":{"start":{"line":434,"column":4},"end":{"line":436,"column":5}},"type":"if","locations":[{"start":{"line":434,"column":4},"end":{"line":436,"column":5}},{"start":{},"end":{}}],"line":434},"56":{"loc":{"start":{"line":441,"column":4},"end":{"line":443,"column":5}},"type":"if","locations":[{"start":{"line":441,"column":4},"end":{"line":443,"column":5}},{"start":{},"end":{}}],"line":441},"57":{"loc":{"start":{"line":446,"column":4},"end":{"line":451,"column":5}},"type":"if","locations":[{"start":{"line":446,"column":4},"end":{"line":451,"column":5}},{"start":{},"end":{}}],"line":446},"58":{"loc":{"start":{"line":465,"column":59},"end":{"line":465,"column":73}},"type":"binary-expr","locations":[{"start":{"line":465,"column":59},"end":{"line":465,"column":67}},{"start":{"line":465,"column":71},"end":{"line":465,"column":73}}],"line":465},"59":{"loc":{"start":{"line":468,"column":24},"end":{"line":468,"column":43}},"type":"binary-expr","locations":[{"start":{"line":468,"column":24},"end":{"line":468,"column":37}},{"start":{"line":468,"column":41},"end":{"line":468,"column":43}}],"line":468},"60":{"loc":{"start":{"line":470,"column":8},"end":{"line":470,"column":82}},"type":"if","locations":[{"start":{"line":470,"column":8},"end":{"line":470,"column":82}},{"start":{},"end":{}}],"line":470},"61":{"loc":{"start":{"line":471,"column":8},"end":{"line":471,"column":126}},"type":"if","locations":[{"start":{"line":471,"column":8},"end":{"line":471,"column":126}},{"start":{},"end":{}}],"line":471},"62":{"loc":{"start":{"line":471,"column":12},"end":{"line":471,"column":76}},"type":"binary-expr","locations":[{"start":{"line":471,"column":12},"end":{"line":471,"column":47}},{"start":{"line":471,"column":51},"end":{"line":471,"column":76}}],"line":471},"63":{"loc":{"start":{"line":472,"column":8},"end":{"line":472,"column":74}},"type":"if","locations":[{"start":{"line":472,"column":8},"end":{"line":472,"column":74}},{"start":{},"end":{}}],"line":472},"64":{"loc":{"start":{"line":474,"column":8},"end":{"line":476,"column":9}},"type":"if","locations":[{"start":{"line":474,"column":8},"end":{"line":476,"column":9}},{"start":{},"end":{}}],"line":474},"65":{"loc":{"start":{"line":474,"column":12},"end":{"line":474,"column":70}},"type":"binary-expr","locations":[{"start":{"line":474,"column":12},"end":{"line":474,"column":37}},{"start":{"line":474,"column":41},"end":{"line":474,"column":70}}],"line":474},"66":{"loc":{"start":{"line":499,"column":2},"end":{"line":502,"column":3}},"type":"if","locations":[{"start":{"line":499,"column":2},"end":{"line":502,"column":3}},{"start":{},"end":{}}],"line":499}},"s":{"0":9,"1":9,"2":9,"3":9,"4":9,"5":0,"6":0,"7":0,"8":0,"9":0,"10":0,"11":0,"12":0,"13":0,"14":0,"15":0,"16":0,"17":0,"18":0,"19":0,"20":0,"21":0,"22":0,"23":0,"24":0,"25":0,"26":0,"27":0,"28":0,"29":0,"30":0,"31":0,"32":0,"33":0,"34":0,"35":0,"36":0,"37":0,"38":0,"39":0,"40":0,"41":0,"42":0,"43":0,"44":0,"45":0,"46":0,"47":0,"48":0,"49":0,"50":0,"51":1,"52":1,"53":0,"54":0,"55":0,"56":1,"57":0,"58":0,"59":0,"60":9,"61":0,"62":0,"63":0,"64":0,"65":0,"66":0,"67":0,"68":0,"69":0,"70":0,"71":0,"72":0,"73":0,"74":0,"75":0,"76":0,"77":0,"78":0,"79":0,"80":0,"81":0,"82":0,"83":0,"84":0,"85":0,"86":0,"87":0,"88":9,"89":1,"90":1,"91":2,"92":2,"93":1,"94":9,"95":0,"96":0,"97":0,"98":0,"99":0,"100":0,"101":0,"102":0,"103":0,"104":0,"105":0,"106":0,"107":0,"108":0,"109":0,"110":0,"111":0,"112":0,"113":0,"114":0,"115":0,"116":0,"117":0,"118":0,"119":0,"120":0,"121":0,"122":0,"123":0,"124":0,"125":0,"126":0,"127":0,"128":0,"129":0,"130":0,"131":0,"132":0,"133":0,"134":0,"135":0,"136":0,"137":0,"138":0,"139":0,"140":0,"141":0,"142":9,"143":0,"144":0,"145":9,"146":0,"147":0,"148":0,"149":0,"150":0,"151":0,"152":0,"153":0,"154":0,"155":0,"156":0,"157":0,"158":0,"159":0,"160":9,"161":0,"162":0,"163":0,"164":0,"165":0,"166":0,"167":0,"168":0,"169":0,"170":0,"171":0,"172":0,"173":0,"174":0,"175":0,"176":0,"177":0,"178":0,"179":0,"180":0,"181":0,"182":0,"183":0,"184":0,"185":9,"186":0,"187":0,"188":9,"189":0,"190":0,"191":0,"192":0,"193":0,"194":0,"195":0,"196":0,"197":0,"198":0,"199":0,"200":0,"201":0,"202":0,"203":9,"204":0,"205":0,"206":0,"207":0,"208":0,"209":0,"210":0,"211":0,"212":0,"213":0,"214":0,"215":0,"216":0,"217":0,"218":0,"219":0,"220":0,"221":9,"222":1,"223":1,"224":1,"225":1,"226":1,"227":1,"228":1,"229":1,"230":0,"231":0,"232":1,"233":9,"234":0},"f":{"0":0,"1":0,"2":0,"3":0,"4":0,"5":0,"6":1,"7":0,"8":0,"9":1,"10":2,"11":0,"12":0,"13":0,"14":0,"15":0,"16":0,"17":0,"18":0,"19":0,"20":0,"21":0,"22":0,"23":0,"24":0,"25":0,"26":0,"27":0,"28":0,"29":0,"30":0,"31":0,"32":0,"33":0,"34":0,"35":0,"36":1,"37":0},"b":{"0":[0,0],"1":[0,0],"2":[0,0],"3":[0,0,0,0],"4":[0,0],"5":[0,0,0],"6":[0,0],"7":[0,0],"8":[0,0],"9":[0,0],"10":[0,0],"11":[0,0],"12":[0,1],"13":[0,0],"14":[0],"15":[0,0],"16":[0,0],"17":[0,0],"18":[0,0],"19":[0,0],"20":[1,0],"21":[0,0],"22":[0,0],"23":[0,0],"24":[0,0],"25":[0,0],"26":[0,0],"27":[0,0],"28":[0,0],"29":[0,0],"30":[0,0],"31":[0,0],"32":[0,0],"33":[0,0,0],"34":[0,0],"35":[0,0],"36":[0,0],"37":[0,0],"38":[0,0],"39":[0,0],"40":[0,0],"41":[0,0],"42":[0,0],"43":[0,0],"44":[0,0],"45":[0,0],"46":[0,0],"47":[0,0],"48":[0,0],"49":[0,0],"50":[0,0],"51":[0,0],"52":[0,0],"53":[0,0],"54":[0,0],"55":[0,0],"56":[0,0],"57":[0,0],"58":[0,0],"59":[0,0],"60":[0,0],"61":[0,0],"62":[0,0],"63":[0,0],"64":[0,0],"65":[0,0],"66":[0,1]},"_coverageSchema":"1a1c01bbd47fc00a2c39e90264f33305004495a9","hash":"b178dc7799f72d2d008f2b7afefbd5fd9645ba0d"}
,"C:\\Users\\sama\\SE_Mini_Project\\PESU_RR_AIML_D_P23_Real_time_Weather_Analytics_and_Prediction_Tool_Team-4Cast\\backend\\server.js": {"path":"C:\\Users\\sama\\SE_Mini_Project\\PESU_RR_AIML_D_P23_Real_time_Weather_Analytics_and_Prediction_Tool_Team-4Cast\\backend\\server.js","statementMap":{"0":{"start":{"line":1,"column":16},"end":{"line":1,"column":34}},"1":{"start":{"line":2,"column":13},"end":{"line":2,"column":28}},"2":{"start":{"line":3,"column":11},"end":{"line":3,"column":24}},"3":{"start":{"line":4,"column":13},"end":{"line":4,"column":28}},"4":{"start":{"line":5,"column":17},"end":{"line":5,"column":36}},"5":{"start":{"line":6,"column":0},"end":{"line":6,"column":27}},"6":{"start":{"line":8,"column":21},"end":{"line":8,"column":47}},"7":{"start":{"line":9,"column":22},"end":{"line":9,"column":49}},"8":{"start":{"line":10,"column":24},"end":{"line":10,"column":53}},"9":{"start":{"line":11,"column":22},"end":{"line":11,"column":49}},"10":{"start":{"line":12,"column":20},"end":{"line":12,"column":45}},"11":{"start":{"line":13,"column":18},"end":{"line":13,"column":41}},"12":{"start":{"line":14,"column":23},"end":{"line":14,"column":51}},"13":{"start":{"line":15,"column":24},"end":{"line":15,"column":53}},"14":{"start":{"line":17,"column":22},"end":{"line":17,"column":57}},"15":{"start":{"line":19,"column":12},"end":{"line":19,"column":21}},"16":{"start":{"line":20,"column":13},"end":{"line":20,"column":37}},"17":{"start":{"line":23,"column":0},"end":{"line":26,"column":4}},"18":{"start":{"line":27,"column":0},"end":{"line":27,"column":24}},"19":{"start":{"line":36,"column":0},"end":{"line":46,"column":3}},"20":{"start":{"line":37,"column":2},"end":{"line":44,"column":5}},"21":{"start":{"line":38,"column":4},"end":{"line":43,"column":5}},"22":{"start":{"line":39,"column":6},"end":{"line":42,"column":8}},"23":{"start":{"line":45,"column":2},"end":{"line":45,"column":9}},"24":{"start":{"line":49,"column":20},"end":{"line":49,"column":89}},"25":{"start":{"line":50,"column":0},"end":{"line":73,"column":3}},"26":{"start":{"line":55,"column":2},"end":{"line":55,"column":50}},"27":{"start":{"line":56,"column":2},"end":{"line":56,"column":43}},"28":{"start":{"line":59,"column":2},"end":{"line":66,"column":3}},"29":{"start":{"line":60,"column":32},"end":{"line":60,"column":68}},"30":{"start":{"line":61,"column":4},"end":{"line":61,"column":22}},"31":{"start":{"line":62,"column":4},"end":{"line":62,"column":51}},"32":{"start":{"line":64,"column":4},"end":{"line":64,"column":76}},"33":{"start":{"line":65,"column":4},"end":{"line":65,"column":45}},"34":{"start":{"line":67,"column":2},"end":{"line":67,"column":34}},"35":{"start":{"line":70,"column":2},"end":{"line":70,"column":52}},"36":{"start":{"line":71,"column":2},"end":{"line":71,"column":42}},"37":{"start":{"line":72,"column":2},"end":{"line":72,"column":66}},"38":{"start":{"line":76,"column":0},"end":{"line":78,"column":3}},"39":{"start":{"line":77,"column":2},"end":{"line":77,"column":92}},"40":{"start":{"line":79,"column":0},"end":{"line":81,"column":3}},"41":{"start":{"line":80,"column":2},"end":{"line":80,"column":72}},"42":{"start":{"line":82,"column":0},"end":{"line":84,"column":3}},"43":{"start":{"line":83,"column":2},"end":{"line":83,"column":39}},"44":{"start":{"line":87,"column":0},"end":{"line":87,"column":37}},"45":{"start":{"line":88,"column":0},"end":{"line":88,"column":39}},"46":{"start":{"line":89,"column":0},"end":{"line":89,"column":43}},"47":{"start":{"line":90,"column":0},"end":{"line":90,"column":39}},"48":{"start":{"line":91,"column":0},"end":{"line":91,"column":31}},"49":{"start":{"line":92,"column":0},"end":{"line":92,"column":31}},"50":{"start":{"line":93,"column":0},"end":{"line":93,"column":41}},"51":{"start":{"line":94,"column":0},"end":{"line":94,"column":43}},"52":{"start":{"line":97,"column":16},"end":{"line":97,"column":55}},"53":{"start":{"line":98,"column":0},"end":{"line":110,"column":3}},"54":{"start":{"line":99,"column":2},"end":{"line":109,"column":3}},"55":{"start":{"line":100,"column":30},"end":{"line":100,"column":38}},"56":{"start":{"line":101,"column":4},"end":{"line":101,"column":77}},"57":{"start":{"line":101,"column":18},"end":{"line":101,"column":77}},"58":{"start":{"line":102,"column":16},"end":{"line":102,"column":56}},"59":{"start":{"line":103,"column":4},"end":{"line":103,"column":77}},"60":{"start":{"line":103,"column":33},"end":{"line":103,"column":77}},"61":{"start":{"line":104,"column":4},"end":{"line":104,"column":36}},"62":{"start":{"line":105,"column":4},"end":{"line":105,"column":80}},"63":{"start":{"line":107,"column":4},"end":{"line":107,"column":43}},"64":{"start":{"line":108,"column":4},"end":{"line":108,"column":59}},"65":{"start":{"line":113,"column":0},"end":{"line":121,"column":3}},"66":{"start":{"line":114,"column":2},"end":{"line":120,"column":3}},"67":{"start":{"line":115,"column":18},"end":{"line":115,"column":42}},"68":{"start":{"line":116,"column":4},"end":{"line":116,"column":20}},"69":{"start":{"line":118,"column":4},"end":{"line":118,"column":43}},"70":{"start":{"line":119,"column":4},"end":{"line":119,"column":66}},"71":{"start":{"line":124,"column":0},"end":{"line":131,"column":3}},"72":{"start":{"line":125,"column":2},"end":{"line":130,"column":5}},"73":{"start":{"line":132,"column":0},"end":{"line":140,"column":3}},"74":{"start":{"line":133,"column":2},"end":{"line":139,"column":5}},"75":{"start":{"line":143,"column":0},"end":{"line":150,"column":3}},"76":{"start":{"line":144,"column":2},"end":{"line":144,"column":31}},"77":{"start":{"line":145,"column":2},"end":{"line":145,"column":39}},"78":{"start":{"line":146,"column":2},"end":{"line":149,"column":5}},"79":{"start":{"line":153,"column":0},"end":{"line":159,"column":3}},"80":{"start":{"line":154,"column":2},"end":{"line":157,"column":4}},"81":{"start":{"line":158,"column":2},"end":{"line":158,"column":71}},"82":{"start":{"line":160,"column":0},"end":{"line":166,"column":3}},"83":{"start":{"line":161,"column":2},"end":{"line":161,"column":44}},"84":{"start":{"line":162,"column":2},"end":{"line":162,"column":46}},"85":{"start":{"line":163,"column":2},"end":{"line":165,"column":11}},"86":{"start":{"line":164,"column":4},"end":{"line":164,"column":20}},"87":{"start":{"line":169,"column":0},"end":{"line":176,"column":3}},"88":{"start":{"line":170,"column":2},"end":{"line":170,"column":50}},"89":{"start":{"line":171,"column":2},"end":{"line":171,"column":33}},"90":{"start":{"line":172,"column":2},"end":{"line":175,"column":5}},"91":{"start":{"line":173,"column":4},"end":{"line":173,"column":47}},"92":{"start":{"line":174,"column":4},"end":{"line":174,"column":20}},"93":{"start":{"line":177,"column":0},"end":{"line":184,"column":3}},"94":{"start":{"line":178,"column":2},"end":{"line":178,"column":55}},"95":{"start":{"line":179,"column":2},"end":{"line":179,"column":33}},"96":{"start":{"line":180,"column":2},"end":{"line":183,"column":5}},"97":{"start":{"line":181,"column":4},"end":{"line":181,"column":47}},"98":{"start":{"line":182,"column":4},"end":{"line":182,"column":20}},"99":{"start":{"line":187,"column":15},"end":{"line":202,"column":2}},"100":{"start":{"line":188,"column":2},"end":{"line":188,"column":18}},"101":{"start":{"line":189,"column":2},"end":{"line":189,"column":71}},"102":{"start":{"line":190,"column":2},"end":{"line":190,"column":58}},"103":{"start":{"line":191,"column":2},"end":{"line":191,"column":71}},"104":{"start":{"line":192,"column":2},"end":{"line":192,"column":57}},"105":{"start":{"line":193,"column":2},"end":{"line":193,"column":72}},"106":{"start":{"line":194,"column":2},"end":{"line":194,"column":70}},"107":{"start":{"line":196,"column":2},"end":{"line":196,"column":52}},"108":{"start":{"line":197,"column":2},"end":{"line":197,"column":71}},"109":{"start":{"line":198,"column":2},"end":{"line":198,"column":18}},"110":{"start":{"line":199,"column":2},"end":{"line":199,"column":87}},"111":{"start":{"line":200,"column":2},"end":{"line":200,"column":87}},"112":{"start":{"line":201,"column":2},"end":{"line":201,"column":18}},"113":{"start":{"line":204,"column":0},"end":{"line":207,"column":3}},"114":{"start":{"line":205,"column":2},"end":{"line":205,"column":44}},"115":{"start":{"line":206,"column":2},"end":{"line":206,"column":40}},"116":{"start":{"line":209,"column":0},"end":{"line":209,"column":40}}},"fnMap":{"0":{"name":"(anonymous_0)","decl":{"start":{"line":36,"column":8},"end":{"line":36,"column":9}},"loc":{"start":{"line":36,"column":28},"end":{"line":46,"column":1}},"line":36},"1":{"name":"(anonymous_1)","decl":{"start":{"line":37,"column":19},"end":{"line":37,"column":20}},"loc":{"start":{"line":37,"column":25},"end":{"line":44,"column":3}},"line":37},"2":{"name":"(anonymous_2)","decl":{"start":{"line":54,"column":6},"end":{"line":54,"column":7}},"loc":{"start":{"line":54,"column":12},"end":{"line":68,"column":1}},"line":54},"3":{"name":"(anonymous_3)","decl":{"start":{"line":69,"column":7},"end":{"line":69,"column":8}},"loc":{"start":{"line":69,"column":14},"end":{"line":73,"column":1}},"line":69},"4":{"name":"(anonymous_4)","decl":{"start":{"line":76,"column":32},"end":{"line":76,"column":33}},"loc":{"start":{"line":76,"column":41},"end":{"line":78,"column":1}},"line":76},"5":{"name":"(anonymous_5)","decl":{"start":{"line":79,"column":39},"end":{"line":79,"column":40}},"loc":{"start":{"line":79,"column":45},"end":{"line":81,"column":1}},"line":79},"6":{"name":"(anonymous_6)","decl":{"start":{"line":82,"column":38},"end":{"line":82,"column":39}},"loc":{"start":{"line":82,"column":44},"end":{"line":84,"column":1}},"line":82},"7":{"name":"(anonymous_7)","decl":{"start":{"line":98,"column":27},"end":{"line":98,"column":28}},"loc":{"start":{"line":98,"column":41},"end":{"line":110,"column":1}},"line":98},"8":{"name":"(anonymous_8)","decl":{"start":{"line":113,"column":23},"end":{"line":113,"column":24}},"loc":{"start":{"line":113,"column":37},"end":{"line":121,"column":1}},"line":113},"9":{"name":"(anonymous_9)","decl":{"start":{"line":124,"column":13},"end":{"line":124,"column":14}},"loc":{"start":{"line":124,"column":27},"end":{"line":131,"column":1}},"line":124},"10":{"name":"(anonymous_10)","decl":{"start":{"line":132,"column":23},"end":{"line":132,"column":24}},"loc":{"start":{"line":132,"column":37},"end":{"line":140,"column":1}},"line":132},"11":{"name":"(anonymous_11)","decl":{"start":{"line":143,"column":8},"end":{"line":143,"column":9}},"loc":{"start":{"line":143,"column":33},"end":{"line":150,"column":1}},"line":143},"12":{"name":"(anonymous_12)","decl":{"start":{"line":153,"column":33},"end":{"line":153,"column":34}},"loc":{"start":{"line":153,"column":54},"end":{"line":159,"column":1}},"line":153},"13":{"name":"(anonymous_13)","decl":{"start":{"line":160,"column":32},"end":{"line":160,"column":33}},"loc":{"start":{"line":160,"column":43},"end":{"line":166,"column":1}},"line":160},"14":{"name":"(anonymous_14)","decl":{"start":{"line":163,"column":13},"end":{"line":163,"column":14}},"loc":{"start":{"line":163,"column":19},"end":{"line":165,"column":3}},"line":163},"15":{"name":"(anonymous_15)","decl":{"start":{"line":169,"column":21},"end":{"line":169,"column":22}},"loc":{"start":{"line":169,"column":27},"end":{"line":176,"column":1}},"line":169},"16":{"name":"(anonymous_16)","decl":{"start":{"line":172,"column":28},"end":{"line":172,"column":29}},"loc":{"start":{"line":172,"column":34},"end":{"line":175,"column":3}},"line":172},"17":{"name":"(anonymous_17)","decl":{"start":{"line":177,"column":22},"end":{"line":177,"column":23}},"loc":{"start":{"line":177,"column":28},"end":{"line":184,"column":1}},"line":177},"18":{"name":"(anonymous_18)","decl":{"start":{"line":180,"column":28},"end":{"line":180,"column":29}},"loc":{"start":{"line":180,"column":34},"end":{"line":183,"column":3}},"line":180},"19":{"name":"(anonymous_19)","decl":{"start":{"line":187,"column":32},"end":{"line":187,"column":33}},"loc":{"start":{"line":187,"column":38},"end":{"line":202,"column":1}},"line":187},"20":{"name":"(anonymous_20)","decl":{"start":{"line":204,"column":19},"end":{"line":204,"column":20}},"loc":{"start":{"line":204,"column":30},"end":{"line":207,"column":1}},"line":204}},"branchMap":{"0":{"loc":{"start":{"line":20,"column":13},"end":{"line":20,"column":37}},"type":"binary-expr","locations":[{"start":{"line":20,"column":13},"end":{"line":20,"column":29}},{"start":{"line":20,"column":33},"end":{"line":20,"column":37}}],"line":20},"1":{"loc":{"start":{"line":38,"column":4},"end":{"line":43,"column":5}},"type":"if","locations":[{"start":{"line":38,"column":4},"end":{"line":43,"column":5}},{"start":{},"end":{}}],"line":38},"2":{"loc":{"start":{"line":49,"column":20},"end":{"line":49,"column":89}},"type":"binary-expr","locations":[{"start":{"line":49,"column":20},"end":{"line":49,"column":43}},{"start":{"line":49,"column":47},"end":{"line":49,"column":89}}],"line":49},"3":{"loc":{"start":{"line":101,"column":4},"end":{"line":101,"column":77}},"type":"if","locations":[{"start":{"line":101,"column":4},"end":{"line":101,"column":77}},{"start":{},"end":{}}],"line":101},"4":{"loc":{"start":{"line":103,"column":4},"end":{"line":103,"column":77}},"type":"if","locations":[{"start":{"line":103,"column":4},"end":{"line":103,"column":77}},{"start":{},"end":{}}],"line":103},"5":{"loc":{"start":{"line":136,"column":14},"end":{"line":136,"column":81}},"type":"cond-expr","locations":[{"start":{"line":136,"column":53},"end":{"line":136,"column":64}},{"start":{"line":136,"column":67},"end":{"line":136,"column":81}}],"line":136},"6":{"loc":{"start":{"line":148,"column":13},"end":{"line":148,"column":51}},"type":"binary-expr","locations":[{"start":{"line":148,"column":13},"end":{"line":148,"column":24}},{"start":{"line":148,"column":28},"end":{"line":148,"column":51}}],"line":148}},"s":{"0":9,"1":9,"2":9,"3":9,"4":9,"5":9,"6":9,"7":9,"8":9,"9":9,"10":9,"11":9,"12":9,"13":9,"14":9,"15":9,"16":9,"17":9,"18":9,"19":9,"20":21,"21":21,"22":1,"23":21,"24":9,"25":9,"26":9,"27":9,"28":9,"29":9,"30":9,"31":9,"32":0,"33":0,"34":9,"35":0,"36":0,"37":0,"38":9,"39":0,"40":9,"41":1,"42":9,"43":0,"44":9,"45":9,"46":9,"47":9,"48":9,"49":9,"50":9,"51":9,"52":9,"53":9,"54":0,"55":0,"56":0,"57":0,"58":0,"59":0,"60":0,"61":0,"62":0,"63":0,"64":0,"65":9,"66":0,"67":0,"68":0,"69":0,"70":0,"71":9,"72":0,"73":9,"74":0,"75":9,"76":0,"77":0,"78":0,"79":9,"80":0,"81":0,"82":9,"83":0,"84":0,"85":0,"86":0,"87":9,"88":0,"89":0,"90":0,"91":0,"92":0,"93":9,"94":0,"95":0,"96":0,"97":0,"98":0,"99":9,"100":0,"101":0,"102":0,"103":0,"104":0,"105":0,"106":0,"107":0,"108":0,"109":0,"110":0,"111":0,"112":0,"113":9,"114":9,"115":9,"116":9},"f":{"0":21,"1":21,"2":9,"3":0,"4":0,"5":1,"6":0,"7":0,"8":0,"9":0,"10":0,"11":0,"12":0,"13":0,"14":0,"15":0,"16":0,"17":0,"18":0,"19":0,"20":9},"b":{"0":[9,0],"1":[1,20],"2":[9,0],"3":[0,0],"4":[0,0],"5":[0,0],"6":[0,0]},"_coverageSchema":"1a1c01bbd47fc00a2c39e90264f33305004495a9","hash":"7aaa1d4c47ce2ead3ef1665b70858ebd9c4e1ea2"}
,"C:\\Users\\sama\\SE_Mini_Project\\PESU_RR_AIML_D_P23_Real_time_Weather_Analytics_and_Prediction_Tool_Team-4Cast\\backend\\controllers\\alertsController.js": {"path":"C:\\Users\\sama\\SE_Mini_Project\\PESU_RR_AIML_D_P23_Real_time_Weather_Analytics_and_Prediction_Tool_Team-4Cast\\backend\\controllers\\alertsController.js","statementMap":{"0":{"start":{"line":2,"column":14},"end":{"line":2,"column":35}},"1":{"start":{"line":3,"column":16},"end":{"line":3,"column":34}},"2":{"start":{"line":4,"column":28},"end":{"line":4,"column":61}},"3":{"start":{"line":5,"column":14},"end":{"line":5,"column":40}},"4":{"start":{"line":6,"column":115},"end":{"line":6,"column":152}},"5":{"start":{"line":8,"column":17},"end":{"line":8,"column":18}},"6":{"start":{"line":9,"column":12},"end":{"line":9,"column":14}},"7":{"start":{"line":10,"column":21},"end":{"line":10,"column":23}},"8":{"start":{"line":11,"column":26},"end":{"line":11,"column":27}},"9":{"start":{"line":13,"column":26},"end":{"line":13,"column":101}},"10":{"start":{"line":17,"column":2},"end":{"line":66,"column":3}},"11":{"start":{"line":18,"column":17},"end":{"line":18,"column":47}},"12":{"start":{"line":19,"column":17},"end":{"line":19,"column":34}},"13":{"start":{"line":20,"column":14},"end":{"line":20,"column":32}},"14":{"start":{"line":21,"column":17},"end":{"line":21,"column":19}},"15":{"start":{"line":25,"column":4},"end":{"line":49,"column":7}},"16":{"start":{"line":26,"column":20},"end":{"line":26,"column":37}},"17":{"start":{"line":27,"column":6},"end":{"line":48,"column":7}},"18":{"start":{"line":28,"column":22},"end":{"line":28,"column":47}},"19":{"start":{"line":29,"column":24},"end":{"line":29,"column":49}},"20":{"start":{"line":32,"column":8},"end":{"line":47,"column":9}},"21":{"start":{"line":39,"column":24},"end":{"line":39,"column":46}},"22":{"start":{"line":41,"column":10},"end":{"line":46,"column":13}},"23":{"start":{"line":52,"column":4},"end":{"line":59,"column":5}},"24":{"start":{"line":53,"column":6},"end":{"line":53,"column":63}},"25":{"start":{"line":54,"column":6},"end":{"line":58,"column":8}},"26":{"start":{"line":61,"column":4},"end":{"line":61,"column":60}},"27":{"start":{"line":62,"column":4},"end":{"line":62,"column":18}},"28":{"start":{"line":64,"column":4},"end":{"line":64,"column":51}},"29":{"start":{"line":65,"column":4},"end":{"line":65,"column":14}},"30":{"start":{"line":71,"column":23},"end":{"line":71,"column":44}},"31":{"start":{"line":72,"column":2},"end":{"line":72,"column":85}},"32":{"start":{"line":72,"column":72},"end":{"line":72,"column":85}},"33":{"start":{"line":73,"column":2},"end":{"line":73,"column":90}},"34":{"start":{"line":73,"column":74},"end":{"line":73,"column":90}},"35":{"start":{"line":74,"column":2},"end":{"line":74,"column":89}},"36":{"start":{"line":74,"column":73},"end":{"line":74,"column":89}},"37":{"start":{"line":75,"column":2},"end":{"line":75,"column":12}},"38":{"start":{"line":80,"column":23},"end":{"line":80,"column":44}},"39":{"start":{"line":81,"column":2},"end":{"line":81,"column":89}},"40":{"start":{"line":81,"column":72},"end":{"line":81,"column":89}},"41":{"start":{"line":82,"column":2},"end":{"line":82,"column":130}},"42":{"start":{"line":82,"column":113},"end":{"line":82,"column":130}},"43":{"start":{"line":83,"column":2},"end":{"line":83,"column":90}},"44":{"start":{"line":83,"column":73},"end":{"line":83,"column":90}},"45":{"start":{"line":84,"column":2},"end":{"line":84,"column":92}},"46":{"start":{"line":84,"column":75},"end":{"line":84,"column":92}},"47":{"start":{"line":85,"column":2},"end":{"line":85,"column":19}},"48":{"start":{"line":89,"column":0},"end":{"line":99,"column":2}},"49":{"start":{"line":90,"column":14},"end":{"line":90,"column":24}},"50":{"start":{"line":92,"column":2},"end":{"line":94,"column":3}},"51":{"start":{"line":93,"column":4},"end":{"line":93,"column":36}},"52":{"start":{"line":95,"column":17},"end":{"line":95,"column":46}},"53":{"start":{"line":96,"column":2},"end":{"line":96,"column":26}},"54":{"start":{"line":97,"column":2},"end":{"line":97,"column":28}},"55":{"start":{"line":98,"column":2},"end":{"line":98,"column":19}},"56":{"start":{"line":102,"column":0},"end":{"line":120,"column":2}},"57":{"start":{"line":103,"column":14},"end":{"line":103,"column":24}},"58":{"start":{"line":104,"column":2},"end":{"line":104,"column":83}},"59":{"start":{"line":104,"column":60},"end":{"line":104,"column":83}},"60":{"start":{"line":106,"column":17},"end":{"line":106,"column":46}},"61":{"start":{"line":107,"column":24},"end":{"line":115,"column":7}},"62":{"start":{"line":108,"column":17},"end":{"line":108,"column":63}},"63":{"start":{"line":109,"column":15},"end":{"line":115,"column":5}},"64":{"start":{"line":117,"column":2},"end":{"line":117,"column":24}},"65":{"start":{"line":118,"column":2},"end":{"line":118,"column":19}},"66":{"start":{"line":119,"column":2},"end":{"line":119,"column":26}},"67":{"start":{"line":123,"column":0},"end":{"line":145,"column":2}},"68":{"start":{"line":124,"column":17},"end":{"line":124,"column":40}},"69":{"start":{"line":125,"column":16},"end":{"line":125,"column":42}},"70":{"start":{"line":126,"column":15},"end":{"line":126,"column":40}},"71":{"start":{"line":126,"column":30},"end":{"line":126,"column":39}},"72":{"start":{"line":127,"column":17},"end":{"line":127,"column":19}},"73":{"start":{"line":128,"column":12},"end":{"line":128,"column":23}},"74":{"start":{"line":129,"column":2},"end":{"line":134,"column":3}},"75":{"start":{"line":129,"column":15},"end":{"line":129,"column":16}},"76":{"start":{"line":130,"column":18},"end":{"line":130,"column":31}},"77":{"start":{"line":131,"column":23},"end":{"line":131,"column":82}},"78":{"start":{"line":131,"column":57},"end":{"line":131,"column":62}},"79":{"start":{"line":132,"column":4},"end":{"line":132,"column":28}},"80":{"start":{"line":133,"column":4},"end":{"line":133,"column":25}},"81":{"start":{"line":135,"column":17},"end":{"line":135,"column":50}},"82":{"start":{"line":136,"column":22},"end":{"line":136,"column":24}},"83":{"start":{"line":137,"column":2},"end":{"line":139,"column":3}},"84":{"start":{"line":137,"column":15},"end":{"line":137,"column":16}},"85":{"start":{"line":138,"column":4},"end":{"line":138,"column":40}},"86":{"start":{"line":140,"column":2},"end":{"line":144,"column":5}},"87":{"start":{"line":148,"column":17},"end":{"line":148,"column":19}},"88":{"start":{"line":149,"column":17},"end":{"line":151,"column":1}},"89":{"start":{"line":154,"column":0},"end":{"line":157,"column":2}},"90":{"start":{"line":155,"column":21},"end":{"line":155,"column":43}},"91":{"start":{"line":156,"column":2},"end":{"line":156,"column":23}},"92":{"start":{"line":159,"column":0},"end":{"line":163,"column":2}},"93":{"start":{"line":160,"column":24},"end":{"line":160,"column":32}},"94":{"start":{"line":161,"column":2},"end":{"line":161,"column":41}},"95":{"start":{"line":162,"column":2},"end":{"line":162,"column":57}},"96":{"start":{"line":167,"column":0},"end":{"line":201,"column":2}},"97":{"start":{"line":168,"column":2},"end":{"line":200,"column":3}},"98":{"start":{"line":169,"column":40},"end":{"line":169,"column":49}},"99":{"start":{"line":171,"column":18},"end":{"line":171,"column":20}},"100":{"start":{"line":172,"column":4},"end":{"line":172,"column":32}},"101":{"start":{"line":172,"column":14},"end":{"line":172,"column":32}},"102":{"start":{"line":173,"column":4},"end":{"line":173,"column":32}},"103":{"start":{"line":173,"column":14},"end":{"line":173,"column":32}},"104":{"start":{"line":175,"column":19},"end":{"line":177,"column":29}},"105":{"start":{"line":179,"column":28},"end":{"line":194,"column":7}},"106":{"start":{"line":179,"column":49},"end":{"line":194,"column":5}},"107":{"start":{"line":196,"column":4},"end":{"line":196,"column":30}},"108":{"start":{"line":198,"column":4},"end":{"line":198,"column":56}},"109":{"start":{"line":199,"column":4},"end":{"line":199,"column":67}},"110":{"start":{"line":204,"column":0},"end":{"line":236,"column":2}},"111":{"start":{"line":205,"column":2},"end":{"line":235,"column":3}},"112":{"start":{"line":206,"column":41},"end":{"line":206,"column":50}},"113":{"start":{"line":208,"column":18},"end":{"line":208,"column":20}},"114":{"start":{"line":209,"column":4},"end":{"line":209,"column":32}},"115":{"start":{"line":209,"column":14},"end":{"line":209,"column":32}},"116":{"start":{"line":210,"column":4},"end":{"line":214,"column":5}},"117":{"start":{"line":211,"column":6},"end":{"line":211,"column":27}},"118":{"start":{"line":212,"column":6},"end":{"line":212,"column":64}},"119":{"start":{"line":212,"column":21},"end":{"line":212,"column":64}},"120":{"start":{"line":213,"column":6},"end":{"line":213,"column":60}},"121":{"start":{"line":213,"column":19},"end":{"line":213,"column":60}},"122":{"start":{"line":216,"column":24},"end":{"line":216,"column":57}},"123":{"start":{"line":217,"column":25},"end":{"line":220,"column":6}},"124":{"start":{"line":222,"column":29},"end":{"line":225,"column":6}},"125":{"start":{"line":227,"column":4},"end":{"line":231,"column":7}},"126":{"start":{"line":233,"column":4},"end":{"line":233,"column":61}},"127":{"start":{"line":234,"column":4},"end":{"line":234,"column":66}},"128":{"start":{"line":238,"column":0},"end":{"line":258,"column":2}},"129":{"start":{"line":239,"column":2},"end":{"line":257,"column":3}},"130":{"start":{"line":240,"column":4},"end":{"line":240,"column":61}},"131":{"start":{"line":241,"column":4},"end":{"line":241,"column":35}},"132":{"start":{"line":244,"column":25},"end":{"line":244,"column":57}},"133":{"start":{"line":245,"column":25},"end":{"line":247,"column":6}},"134":{"start":{"line":249,"column":4},"end":{"line":253,"column":7}},"135":{"start":{"line":255,"column":4},"end":{"line":255,"column":51}},"136":{"start":{"line":256,"column":4},"end":{"line":256,"column":74}}},"fnMap":{"0":{"name":"scrapeStatewiseAlerts","decl":{"start":{"line":16,"column":15},"end":{"line":16,"column":36}},"loc":{"start":{"line":16,"column":39},"end":{"line":67,"column":1}},"line":16},"1":{"name":"(anonymous_1)","decl":{"start":{"line":25,"column":39},"end":{"line":25,"column":40}},"loc":{"start":{"line":25,"column":51},"end":{"line":49,"column":5}},"line":25},"2":{"name":"extractSeverity","decl":{"start":{"line":70,"column":9},"end":{"line":70,"column":24}},"loc":{"start":{"line":70,"column":34},"end":{"line":76,"column":1}},"line":70},"3":{"name":"getAlertColor","decl":{"start":{"line":79,"column":9},"end":{"line":79,"column":22}},"loc":{"start":{"line":79,"column":32},"end":{"line":86,"column":1}},"line":79},"4":{"name":"(anonymous_4)","decl":{"start":{"line":89,"column":29},"end":{"line":89,"column":30}},"loc":{"start":{"line":89,"column":49},"end":{"line":99,"column":1}},"line":89},"5":{"name":"(anonymous_5)","decl":{"start":{"line":102,"column":27},"end":{"line":102,"column":28}},"loc":{"start":{"line":102,"column":47},"end":{"line":120,"column":1}},"line":102},"6":{"name":"(anonymous_6)","decl":{"start":{"line":108,"column":12},"end":{"line":108,"column":13}},"loc":{"start":{"line":108,"column":17},"end":{"line":108,"column":63}},"line":108},"7":{"name":"(anonymous_7)","decl":{"start":{"line":109,"column":9},"end":{"line":109,"column":10}},"loc":{"start":{"line":109,"column":15},"end":{"line":115,"column":5}},"line":109},"8":{"name":"(anonymous_8)","decl":{"start":{"line":123,"column":24},"end":{"line":123,"column":25}},"loc":{"start":{"line":123,"column":38},"end":{"line":145,"column":1}},"line":123},"9":{"name":"(anonymous_9)","decl":{"start":{"line":126,"column":25},"end":{"line":126,"column":26}},"loc":{"start":{"line":126,"column":30},"end":{"line":126,"column":39}},"line":126},"10":{"name":"(anonymous_10)","decl":{"start":{"line":131,"column":47},"end":{"line":131,"column":48}},"loc":{"start":{"line":131,"column":57},"end":{"line":131,"column":62}},"line":131},"11":{"name":"(anonymous_11)","decl":{"start":{"line":154,"column":24},"end":{"line":154,"column":25}},"loc":{"start":{"line":154,"column":44},"end":{"line":157,"column":1}},"line":154},"12":{"name":"(anonymous_12)","decl":{"start":{"line":159,"column":24},"end":{"line":159,"column":25}},"loc":{"start":{"line":159,"column":44},"end":{"line":163,"column":1}},"line":159},"13":{"name":"(anonymous_13)","decl":{"start":{"line":167,"column":24},"end":{"line":167,"column":25}},"loc":{"start":{"line":167,"column":44},"end":{"line":201,"column":1}},"line":167},"14":{"name":"(anonymous_14)","decl":{"start":{"line":179,"column":39},"end":{"line":179,"column":40}},"loc":{"start":{"line":179,"column":49},"end":{"line":194,"column":5}},"line":179},"15":{"name":"(anonymous_15)","decl":{"start":{"line":204,"column":29},"end":{"line":204,"column":30}},"loc":{"start":{"line":204,"column":49},"end":{"line":236,"column":1}},"line":204},"16":{"name":"(anonymous_16)","decl":{"start":{"line":238,"column":29},"end":{"line":238,"column":30}},"loc":{"start":{"line":238,"column":49},"end":{"line":258,"column":1}},"line":238}},"branchMap":{"0":{"loc":{"start":{"line":27,"column":6},"end":{"line":48,"column":7}},"type":"if","locations":[{"start":{"line":27,"column":6},"end":{"line":48,"column":7}},{"start":{},"end":{}}],"line":27},"1":{"loc":{"start":{"line":32,"column":8},"end":{"line":47,"column":9}},"type":"if","locations":[{"start":{"line":32,"column":8},"end":{"line":47,"column":9}},{"start":{},"end":{}}],"line":32},"2":{"loc":{"start":{"line":32,"column":12},"end":{"line":36,"column":57}},"type":"binary-expr","locations":[{"start":{"line":32,"column":12},"end":{"line":32,"column":17}},{"start":{"line":33,"column":12},"end":{"line":33,"column":32}},{"start":{"line":34,"column":12},"end":{"line":34,"column":35}},{"start":{"line":35,"column":12},"end":{"line":35,"column":51}},{"start":{"line":36,"column":12},"end":{"line":36,"column":57}}],"line":32},"3":{"loc":{"start":{"line":43,"column":21},"end":{"line":43,"column":44}},"type":"binary-expr","locations":[{"start":{"line":43,"column":21},"end":{"line":43,"column":28}},{"start":{"line":43,"column":32},"end":{"line":43,"column":44}}],"line":43},"4":{"loc":{"start":{"line":52,"column":4},"end":{"line":59,"column":5}},"type":"if","locations":[{"start":{"line":52,"column":4},"end":{"line":59,"column":5}},{"start":{},"end":{}}],"line":52},"5":{"loc":{"start":{"line":72,"column":2},"end":{"line":72,"column":85}},"type":"if","locations":[{"start":{"line":72,"column":2},"end":{"line":72,"column":85}},{"start":{},"end":{}}],"line":72},"6":{"loc":{"start":{"line":72,"column":6},"end":{"line":72,"column":70}},"type":"binary-expr","locations":[{"start":{"line":72,"column":6},"end":{"line":72,"column":34}},{"start":{"line":72,"column":38},"end":{"line":72,"column":70}}],"line":72},"7":{"loc":{"start":{"line":73,"column":2},"end":{"line":73,"column":90}},"type":"if","locations":[{"start":{"line":73,"column":2},"end":{"line":73,"column":90}},{"start":{},"end":{}}],"line":73},"8":{"loc":{"start":{"line":73,"column":6},"end":{"line":73,"column":72}},"type":"binary-expr","locations":[{"start":{"line":73,"column":6},"end":{"line":73,"column":37}},{"start":{"line":73,"column":41},"end":{"line":73,"column":72}}],"line":73},"9":{"loc":{"start":{"line":74,"column":2},"end":{"line":74,"column":89}},"type":"if","locations":[{"start":{"line":74,"column":2},"end":{"line":74,"column":89}},{"start":{},"end":{}}],"line":74},"10":{"loc":{"start":{"line":74,"column":6},"end":{"line":74,"column":71}},"type":"binary-expr","locations":[{"start":{"line":74,"column":6},"end":{"line":74,"column":37}},{"start":{"line":74,"column":41},"end":{"line":74,"column":71}}],"line":74},"11":{"loc":{"start":{"line":81,"column":2},"end":{"line":81,"column":89}},"type":"if","locations":[{"start":{"line":81,"column":2},"end":{"line":81,"column":89}},{"start":{},"end":{}}],"line":81},"12":{"loc":{"start":{"line":81,"column":6},"end":{"line":81,"column":70}},"type":"binary-expr","locations":[{"start":{"line":81,"column":6},"end":{"line":81,"column":34}},{"start":{"line":81,"column":38},"end":{"line":81,"column":70}}],"line":81},"13":{"loc":{"start":{"line":82,"column":2},"end":{"line":82,"column":130}},"type":"if","locations":[{"start":{"line":82,"column":2},"end":{"line":82,"column":130}},{"start":{},"end":{}}],"line":82},"14":{"loc":{"start":{"line":82,"column":6},"end":{"line":82,"column":111}},"type":"binary-expr","locations":[{"start":{"line":82,"column":6},"end":{"line":82,"column":37}},{"start":{"line":82,"column":41},"end":{"line":82,"column":72}},{"start":{"line":82,"column":76},"end":{"line":82,"column":111}}],"line":82},"15":{"loc":{"start":{"line":83,"column":2},"end":{"line":83,"column":90}},"type":"if","locations":[{"start":{"line":83,"column":2},"end":{"line":83,"column":90}},{"start":{},"end":{}}],"line":83},"16":{"loc":{"start":{"line":83,"column":6},"end":{"line":83,"column":71}},"type":"binary-expr","locations":[{"start":{"line":83,"column":6},"end":{"line":83,"column":37}},{"start":{"line":83,"column":41},"end":{"line":83,"column":71}}],"line":83},"17":{"loc":{"start":{"line":84,"column":2},"end":{"line":84,"column":92}},"type":"if","locations":[{"start":{"line":84,"column":2},"end":{"line":84,"column":92}},{"start":{},"end":{}}],"line":84},"18":{"loc":{"start":{"line":84,"column":6},"end":{"line":84,"column":73}},"type":"binary-expr","locations":[{"start":{"line":84,"column":6},"end":{"line":84,"column":41}},{"start":{"line":84,"column":45},"end":{"line":84,"column":73}}],"line":84},"19":{"loc":{"start":{"line":92,"column":2},"end":{"line":94,"column":3}},"type":"if","locations":[{"start":{"line":92,"column":2},"end":{"line":94,"column":3}},{"start":{},"end":{}}],"line":92},"20":{"loc":{"start":{"line":92,"column":6},"end":{"line":92,"column":77}},"type":"binary-expr","locations":[{"start":{"line":92,"column":6},"end":{"line":92,"column":48}},{"start":{"line":92,"column":52},"end":{"line":92,"column":77}}],"line":92},"21":{"loc":{"start":{"line":104,"column":2},"end":{"line":104,"column":83}},"type":"if","locations":[{"start":{"line":104,"column":2},"end":{"line":104,"column":83}},{"start":{},"end":{}}],"line":104},"22":{"loc":{"start":{"line":104,"column":6},"end":{"line":104,"column":58}},"type":"binary-expr","locations":[{"start":{"line":104,"column":6},"end":{"line":104,"column":38}},{"start":{"line":104,"column":42},"end":{"line":104,"column":58}}],"line":104},"23":{"loc":{"start":{"line":108,"column":17},"end":{"line":108,"column":63}},"type":"binary-expr","locations":[{"start":{"line":108,"column":17},"end":{"line":108,"column":38}},{"start":{"line":108,"column":42},"end":{"line":108,"column":63}}],"line":108},"24":{"loc":{"start":{"line":169,"column":12},"end":{"line":169,"column":23}},"type":"default-arg","locations":[{"start":{"line":169,"column":20},"end":{"line":169,"column":23}}],"line":169},"25":{"loc":{"start":{"line":172,"column":4},"end":{"line":172,"column":32}},"type":"if","locations":[{"start":{"line":172,"column":4},"end":{"line":172,"column":32}},{"start":{},"end":{}}],"line":172},"26":{"loc":{"start":{"line":173,"column":4},"end":{"line":173,"column":32}},"type":"if","locations":[{"start":{"line":173,"column":4},"end":{"line":173,"column":32}},{"start":{},"end":{}}],"line":173},"27":{"loc":{"start":{"line":209,"column":4},"end":{"line":209,"column":32}},"type":"if","locations":[{"start":{"line":209,"column":4},"end":{"line":209,"column":32}},{"start":{},"end":{}}],"line":209},"28":{"loc":{"start":{"line":210,"column":4},"end":{"line":214,"column":5}},"type":"if","locations":[{"start":{"line":210,"column":4},"end":{"line":214,"column":5}},{"start":{},"end":{}}],"line":210},"29":{"loc":{"start":{"line":210,"column":8},"end":{"line":210,"column":28}},"type":"binary-expr","locations":[{"start":{"line":210,"column":8},"end":{"line":210,"column":17}},{"start":{"line":210,"column":21},"end":{"line":210,"column":28}}],"line":210},"30":{"loc":{"start":{"line":212,"column":6},"end":{"line":212,"column":64}},"type":"if","locations":[{"start":{"line":212,"column":6},"end":{"line":212,"column":64}},{"start":{},"end":{}}],"line":212},"31":{"loc":{"start":{"line":213,"column":6},"end":{"line":213,"column":60}},"type":"if","locations":[{"start":{"line":213,"column":6},"end":{"line":213,"column":60}},{"start":{},"end":{}}],"line":213}},"s":{"0":9,"1":9,"2":9,"3":9,"4":9,"5":9,"6":9,"7":9,"8":9,"9":9,"10":1,"11":1,"12":1,"13":1,"14":1,"15":1,"16":1,"17":1,"18":0,"19":0,"20":0,"21":0,"22":0,"23":1,"24":1,"25":1,"26":1,"27":1,"28":0,"29":0,"30":0,"31":0,"32":0,"33":0,"34":0,"35":0,"36":0,"37":0,"38":0,"39":0,"40":0,"41":0,"42":0,"43":0,"44":0,"45":0,"46":0,"47":0,"48":9,"49":0,"50":0,"51":0,"52":0,"53":0,"54":0,"55":0,"56":9,"57":2,"58":2,"59":1,"60":1,"61":1,"62":3,"63":1,"64":1,"65":1,"66":1,"67":9,"68":0,"69":0,"70":0,"71":0,"72":0,"73":0,"74":0,"75":0,"76":0,"77":0,"78":0,"79":0,"80":0,"81":0,"82":0,"83":0,"84":0,"85":0,"86":0,"87":9,"88":9,"89":9,"90":0,"91":0,"92":9,"93":0,"94":0,"95":0,"96":9,"97":0,"98":0,"99":0,"100":0,"101":0,"102":0,"103":0,"104":0,"105":0,"106":0,"107":0,"108":0,"109":0,"110":9,"111":0,"112":0,"113":0,"114":0,"115":0,"116":0,"117":0,"118":0,"119":0,"120":0,"121":0,"122":0,"123":0,"124":0,"125":0,"126":0,"127":0,"128":9,"129":0,"130":0,"131":0,"132":0,"133":0,"134":0,"135":0,"136":0},"f":{"0":1,"1":1,"2":0,"3":0,"4":0,"5":2,"6":3,"7":1,"8":0,"9":0,"10":0,"11":0,"12":0,"13":0,"14":0,"15":0,"16":0},"b":{"0":[0,1],"1":[0,0],"2":[0,0,0,0,0],"3":[0,0],"4":[1,0],"5":[0,0],"6":[0,0],"7":[0,0],"8":[0,0],"9":[0,0],"10":[0,0],"11":[0,0],"12":[0,0],"13":[0,0],"14":[0,0,0],"15":[0,0],"16":[0,0],"17":[0,0],"18":[0,0],"19":[0,0],"20":[0,0],"21":[1,1],"22":[2,1],"23":[3,3],"24":[0],"25":[0,0],"26":[0,0],"27":[0,0],"28":[0,0],"29":[0,0],"30":[0,0],"31":[0,0]},"_coverageSchema":"1a1c01bbd47fc00a2c39e90264f33305004495a9","hash":"199ebf37b72e59e4b5a1386ff72ed447c03b2764"}
[...]
start":{"line":69,"column":6},"end":{"line":69,"column":62}},"47":{"start":{"line":72,"column":4},"end":{"line":72,"column":54}},"48":{"start":{"line":73,"column":4},"end":{"line":73,"column":54}},"49":{"start":{"line":76,"column":22},"end":{"line":76,"column":24}},"50":{"start":{"line":77,"column":4},"end":{"line":82,"column":5}},"51":{"start":{"line":77,"column":17},"end":{"line":77,"column":18}},"52":{"start":{"line":78,"column":18},"end":{"line":78,"column":35}},"53":{"start":{"line":80,"column":23},"end":{"line":80,"column":53}},"54":{"start":{"line":81,"column":6},"end":{"line":81,"column":33}},"55":{"start":{"line":84,"column":4},"end":{"line":84,"column":75}},"56":{"start":{"line":85,"column":4},"end":{"line":85,"column":65}},"57":{"start":{"line":86,"column":4},"end":{"line":86,"column":62}},"58":{"start":{"line":87,"column":4},"end":{"line":87,"column":59}},"59":{"start":{"line":88,"column":4},"end":{"line":88,"column":59}},"60":{"start":{"line":89,"column":4},"end":{"line":89,"column":45}},"61":{"start":{"line":91,"column":4},"end":{"line":91,"column":21}},"62":{"start":{"line":96,"column":23},"end":{"line":96,"column":33}},"63":{"start":{"line":97,"column":4},"end":{"line":97,"column":64}},"64":{"start":{"line":99,"column":21},"end":{"line":111,"column":5}},"65":{"start":{"line":113,"column":20},"end":{"line":113,"column":51}},"66":{"start":{"line":115,"column":20},"end":{"line":117,"column":5}},"67":{"start":{"line":116,"column":11},"end":{"line":116,"column":66}},"68":{"start":{"line":118,"column":19},"end":{"line":118,"column":44}},"69":{"start":{"line":118,"column":36},"end":{"line":118,"column":43}},"70":{"start":{"line":120,"column":4},"end":{"line":120,"column":46}},"71":{"start":{"line":121,"column":4},"end":{"line":121,"column":37}},"72":{"start":{"line":122,"column":4},"end":{"line":122,"column":35}},"73":{"start":{"line":124,"column":4},"end":{"line":129,"column":6}},"74":{"start":{"line":127,"column":43},"end":{"line":127,"column":48}},"75":{"start":{"line":134,"column":27},"end":{"line":134,"column":73}},"76":{"start":{"line":136,"column":4},"end":{"line":147,"column":5}},"77":{"start":{"line":137,"column":6},"end":{"line":146,"column":8}},"78":{"start":{"line":151,"column":4},"end":{"line":155,"column":5}},"79":{"start":{"line":152,"column":6},"end":{"line":152,"column":93}},"80":{"start":{"line":154,"column":6},"end":{"line":154,"column":89}},"81":{"start":{"line":158,"column":24},"end":{"line":161,"column":6}},"82":{"start":{"line":159,"column":6},"end":{"line":159,"column":62}},"83":{"start":{"line":159,"column":53},"end":{"line":159,"column":62}},"84":{"start":{"line":160,"column":6},"end":{"line":160,"column":42}},"85":{"start":{"line":163,"column":4},"end":{"line":163,"column":70}},"86":{"start":{"line":166,"column":23},"end":{"line":166,"column":80}},"87":{"start":{"line":167,"column":34},"end":{"line":167,"column":67}},"88":{"start":{"line":169,"column":26},"end":{"line":169,"column":28}},"89":{"start":{"line":170,"column":4},"end":{"line":174,"column":5}},"90":{"start":{"line":170,"column":17},"end":{"line":170,"column":18}},"91":{"start":{"line":171,"column":26},"end":{"line":171,"column":56}},"92":{"start":{"line":172,"column":25},"end":{"line":172,"column":72}},"93":{"start":{"line":173,"column":6},"end":{"line":173,"column":82}},"94":{"start":{"line":176,"column":4},"end":{"line":176,"column":67}},"95":{"start":{"line":177,"column":4},"end":{"line":177,"column":58}},"96":{"start":{"line":178,"column":4},"end":{"line":178,"column":80}},"97":{"start":{"line":182,"column":4},"end":{"line":188,"column":5}},"98":{"start":{"line":183,"column":6},"end":{"line":183,"column":26}},"99":{"start":{"line":184,"column":11},"end":{"line":188,"column":5}},"100":{"start":{"line":185,"column":6},"end":{"line":185,"column":28}},"101":{"start":{"line":187,"column":6},"end":{"line":187,"column":25}},"102":{"start":{"line":190,"column":19},"end":{"line":207,"column":5}},"103":{"start":{"line":209,"column":4},"end":{"line":214,"column":7}},"104":{"start":{"line":216,"column":4},"end":{"line":216,"column":18}},"105":{"start":{"line":221,"column":25},"end":{"line":229,"column":6}},"106":{"start":{"line":230,"column":4},"end":{"line":233,"column":8}},"107":{"start":{"line":230,"column":37},"end":{"line":233,"column":5}},"108":{"start":{"line":238,"column":25},"end":{"line":247,"column":6}},"109":{"start":{"line":248,"column":4},"end":{"line":251,"column":8}},"110":{"start":{"line":248,"column":37},"end":{"line":251,"column":5}},"111":{"start":{"line":256,"column":26},"end":{"line":256,"column":36}},"112":{"start":{"line":257,"column":4},"end":{"line":257,"column":56}},"113":{"start":{"line":259,"column":25},"end":{"line":261,"column":29}},"114":{"start":{"line":264,"column":23},"end":{"line":264,"column":25}},"115":{"start":{"line":265,"column":4},"end":{"line":268,"column":7}},"116":{"start":{"line":266,"column":19},"end":{"line":266,"column":72}},"117":{"start":{"line":267,"column":6},"end":{"line":267,"column":53}},"118":{"start":{"line":270,"column":17},"end":{"line":270,"column":47}},"119":{"start":{"line":271,"column":19},"end":{"line":271,"column":51}},"120":{"start":{"line":271,"column":35},"end":{"line":271,"column":50}},"121":{"start":{"line":272,"column":18},"end":{"line":272,"column":45}},"122":{"start":{"line":273,"column":27},"end":{"line":273,"column":106}},"123":{"start":{"line":275,"column":4},"end":{"line":283,"column":6}},"124":{"start":{"line":288,"column":18},"end":{"line":288,"column":28}},"125":{"start":{"line":289,"column":4},"end":{"line":289,"column":31}},"126":{"start":{"line":291,"column":24},"end":{"line":293,"column":6}},"127":{"start":{"line":295,"column":19},"end":{"line":295,"column":21}},"128":{"start":{"line":296,"column":4},"end":{"line":296,"column":47}},"129":{"start":{"line":296,"column":17},"end":{"line":296,"column":18}},"130":{"start":{"line":296,"column":33},"end":{"line":296,"column":47}},"131":{"start":{"line":298,"column":4},"end":{"line":301,"column":7}},"132":{"start":{"line":299,"column":19},"end":{"line":299,"column":55}},"133":{"start":{"line":300,"column":6},"end":{"line":300,"column":21}},"134":{"start":{"line":303,"column":4},"end":{"line":307,"column":6}},"135":{"start":{"line":312,"column":24},"end":{"line":312,"column":52}},"136":{"start":{"line":314,"column":18},"end":{"line":314,"column":28}},"137":{"start":{"line":315,"column":4},"end":{"line":315,"column":31}},"138":{"start":{"line":316,"column":24},"end":{"line":316,"column":82}},"139":{"start":{"line":318,"column":25},"end":{"line":318,"column":35}},"140":{"start":{"line":319,"column":4},"end":{"line":319,"column":53}},"141":{"start":{"line":320,"column":23},"end":{"line":320,"column":88}},"142":{"start":{"line":322,"column":26},"end":{"line":322,"column":36}},"143":{"start":{"line":323,"column":4},"end":{"line":323,"column":56}},"144":{"start":{"line":324,"column":24},"end":{"line":324,"column":90}},"145":{"start":{"line":326,"column":24},"end":{"line":326,"column":69}},"146":{"start":{"line":328,"column":4},"end":{"line":339,"column":6}},"147":{"start":{"line":343,"column":0},"end":{"line":343,"column":40}}},"fnMap":{"0":{"name":"(anonymous_0)","decl":{"start":{"line":5,"column":2},"end":{"line":5,"column":3}},"loc":{"start":{"line":5,"column":54},"end":{"line":21,"column":3}},"line":5},"1":{"name":"(anonymous_1)","decl":{"start":{"line":24,"column":2},"end":{"line":24,"column":3}},"loc":{"start":{"line":24,"column":23},"end":{"line":41,"column":3}},"line":24},"2":{"name":"(anonymous_2)","decl":{"start":{"line":44,"column":2},"end":{"line":44,"column":3}},"loc":{"start":{"line":44,"column":57},"end":{"line":92,"column":3}},"line":44},"3":{"name":"(anonymous_3)","decl":{"start":{"line":95,"column":2},"end":{"line":95,"column":3}},"loc":{"start":{"line":95,"column":71},"end":{"line":130,"column":3}},"line":95},"4":{"name":"(anonymous_4)","decl":{"start":{"line":116,"column":6},"end":{"line":116,"column":7}},"loc":{"start":{"line":116,"column":11},"end":{"line":116,"column":66}},"line":116},"5":{"name":"(anonymous_5)","decl":{"start":{"line":118,"column":31},"end":{"line":118,"column":32}},"loc":{"start":{"line":118,"column":36},"end":{"line":118,"column":43}},"line":118},"6":{"name":"(anonymous_6)","decl":{"start":{"line":127,"column":33},"end":{"line":127,"column":34}},"loc":{"start":{"line":127,"column":43},"end":{"line":127,"column":48}},"line":127},"7":{"name":"(anonymous_7)","decl":{"start":{"line":133,"column":2},"end":{"line":133,"column":3}},"loc":{"start":{"line":133,"column":74},"end":{"line":217,"column":3}},"line":133},"8":{"name":"(anonymous_8)","decl":{"start":{"line":158,"column":43},"end":{"line":158,"column":44}},"loc":{"start":{"line":158,"column":50},"end":{"line":161,"column":5}},"line":158},"9":{"name":"(anonymous_9)","decl":{"start":{"line":220,"column":2},"end":{"line":220,"column":3}},"loc":{"start":{"line":220,"column":35},"end":{"line":234,"column":3}},"line":220},"10":{"name":"(anonymous_10)","decl":{"start":{"line":230,"column":28},"end":{"line":230,"column":29}},"loc":{"start":{"line":230,"column":37},"end":{"line":233,"column":5}},"line":230},"11":{"name":"(anonymous_11)","decl":{"start":{"line":237,"column":2},"end":{"line":237,"column":3}},"loc":{"start":{"line":237,"column":35},"end":{"line":252,"column":3}},"line":237},"12":{"name":"(anonymous_12)","decl":{"start":{"line":248,"column":28},"end":{"line":248,"column":29}},"loc":{"start":{"line":248,"column":37},"end":{"line":251,"column":5}},"line":248},"13":{"name":"(anonymous_13)","decl":{"start":{"line":255,"column":2},"end":{"line":255,"column":3}},"loc":{"start":{"line":255,"column":26},"end":{"line":284,"column":3}},"line":255},"14":{"name":"(anonymous_14)","decl":{"start":{"line":265,"column":25},"end":{"line":265,"column":26}},"loc":{"start":{"line":265,"column":34},"end":{"line":268,"column":5}},"line":265},"15":{"name":"(anonymous_15)","decl":{"start":{"line":271,"column":28},"end":{"line":271,"column":29}},"loc":{"start":{"line":271,"column":35},"end":{"line":271,"column":50}},"line":271},"16":{"name":"(anonymous_16)","decl":{"start":{"line":287,"column":2},"end":{"line":287,"column":3}},"loc":{"start":{"line":287,"column":27},"end":{"line":308,"column":3}},"line":287},"17":{"name":"(anonymous_17)","decl":{"start":{"line":298,"column":24},"end":{"line":298,"column":25}},"loc":{"start":{"line":298,"column":33},"end":{"line":301,"column":5}},"line":298},"18":{"name":"(anonymous_18)","decl":{"start":{"line":311,"column":2},"end":{"line":311,"column":3}},"loc":{"start":{"line":311,"column":26},"end":{"line":340,"column":3}},"line":311}},"branchMap":{"0":{"loc":{"start":{"line":5,"column":29},"end":{"line":5,"column":40}},"type":"default-arg","locations":[{"start":{"line":5,"column":37},"end":{"line":5,"column":40}}],"line":5},"1":{"loc":{"start":{"line":5,"column":42},"end":{"line":5,"column":52}},"type":"default-arg","locations":[{"start":{"line":5,"column":50},"end":{"line":5,"column":52}}],"line":5},"2":{"loc":{"start":{"line":6,"column":4},"end":{"line":6,"column":55}},"type":"if","locations":[{"start":{"line":6,"column":4},"end":{"line":6,"column":55}},{"start":{},"end":{}}],"line":6},"3":{"loc":{"start":{"line":26,"column":4},"end":{"line":26,"column":51}},"type":"if","locations":[{"start":{"line":26,"column":4},"end":{"line":26,"column":51}},{"start":{},"end":{}}],"line":26},"4":{"loc":{"start":{"line":44,"column":20},"end":{"line":44,"column":31}},"type":"default-arg","locations":[{"start":{"line":44,"column":28},"end":{"line":44,"column":31}}],"line":44},"5":{"loc":{"start":{"line":44,"column":33},"end":{"line":44,"column":43}},"type":"default-arg","locations":[{"start":{"line":44,"column":40},"end":{"line":44,"column":43}}],"line":44},"6":{"loc":{"start":{"line":44,"column":45},"end":{"line":44,"column":55}},"type":"default-arg","locations":[{"start":{"line":44,"column":53},"end":{"line":44,"column":55}}],"line":44},"7":{"loc":{"start":{"line":49,"column":4},"end":{"line":52,"column":5}},"type":"if","locations":[{"start":{"line":49,"column":4},"end":{"line":52,"column":5}},{"start":{},"end":{}}],"line":49},"8":{"loc":{"start":{"line":54,"column":4},"end":{"line":57,"column":5}},"type":"if","locations":[{"start":{"line":54,"column":4},"end":{"line":57,"column":5}},{"start":{},"end":{}}],"line":54},"9":{"loc":{"start":{"line":95,"column":31},"end":{"line":95,"column":48}},"type":"default-arg","locations":[{"start":{"line":95,"column":41},"end":{"line":95,"column":48}}],"line":95},"10":{"loc":{"start":{"line":95,"column":50},"end":{"line":95,"column":69}},"type":"default-arg","locations":[{"start":{"line":95,"column":67},"end":{"line":95,"column":69}}],"line":95},"11":{"loc":{"start":{"line":133,"column":28},"end":{"line":133,"column":51}},"type":"default-arg","locations":[{"start":{"line":133,"column":37},"end":{"line":133,"column":51}}],"line":133},"12":{"loc":{"start":{"line":133,"column":53},"end":{"line":133,"column":72}},"type":"default-arg","locations":[{"start":{"line":133,"column":70},"end":{"line":133,"column":72}}],"line":133},"13":{"loc":{"start":{"line":136,"column":4},"end":{"line":147,"column":5}},"type":"if","locations":[{"start":{"line":136,"column":4},"end":{"line":147,"column":5}},{"start":{},"end":{}}],"line":136},"14":{"loc":{"start":{"line":151,"column":4},"end":{"line":155,"column":5}},"type":"if","locations":[{"start":{"line":151,"column":4},"end":{"line":155,"column":5}},{"start":{"line":153,"column":11},"end":{"line":155,"column":5}}],"line":151},"15":{"loc":{"start":{"line":159,"column":6},"end":{"line":159,"column":62}},"type":"if","locations":[{"start":{"line":159,"column":6},"end":{"line":159,"column":62}},{"start":{},"end":{}}],"line":159},"16":{"loc":{"start":{"line":159,"column":10},"end":{"line":159,"column":51}},"type":"binary-expr","locations":[{"start":{"line":159,"column":10},"end":{"line":159,"column":33}},{"start":{"line":159,"column":37},"end":{"line":159,"column":51}}],"line":159},"17":{"loc":{"start":{"line":182,"column":4},"end":{"line":188,"column":5}},"type":"if","locations":[{"start":{"line":182,"column":4},"end":{"line":188,"column":5}},{"start":{"line":184,"column":11},"end":{"line":188,"column":5}}],"line":182},"18":{"loc":{"start":{"line":184,"column":11},"end":{"line":188,"column":5}},"type":"if","locations":[{"start":{"line":184,"column":11},"end":{"line":188,"column":5}},{"start":{"line":186,"column":11},"end":{"line":188,"column":5}}],"line":184},"19":{"loc":{"start":{"line":204,"column":15},"end":{"line":206,"column":94}},"type":"cond-expr","locations":[{"start":{"line":205,"column":10},"end":{"line":205,"column":142}},{"start":{"line":206,"column":10},"end":{"line":206,"column":94}}],"line":204},"20":{"loc":{"start":{"line":267,"column":26},"end":{"line":267,"column":47}},"type":"binary-expr","locations":[{"start":{"line":267,"column":26},"end":{"line":267,"column":42}},{"start":{"line":267,"column":46},"end":{"line":267,"column":47}}],"line":267},"21":{"loc":{"start":{"line":273,"column":27},"end":{"line":273,"column":106}},"type":"cond-expr","locations":[{"start":{"line":273,"column":47},"end":{"line":273,"column":59}},{"start":{"line":273,"column":62},"end":{"line":273,"column":106}}],"line":273},"22":{"loc":{"start":{"line":273,"column":62},"end":{"line":273,"column":106}},"type":"cond-expr","locations":[{"start":{"line":273,"column":83},"end":{"line":273,"column":95}},{"start":{"line":273,"column":98},"end":{"line":273,"column":106}}],"line":273},"23":{"loc":{"start":{"line":279,"column":21},"end":{"line":279,"column":85}},"type":"cond-expr","locations":[{"start":{"line":279,"column":35},"end":{"line":279,"column":81}},{"start":{"line":279,"column":84},"end":{"line":279,"column":85}}],"line":279},"24":{"loc":{"start":{"line":333,"column":19},"end":{"line":338,"column":14}},"type":"cond-expr","locations":[{"start":{"line":333,"column":33},"end":{"line":338,"column":7}},{"start":{"line":338,"column":10},"end":{"line":338,"column":14}}],"line":333}},"s":{"0":9,"1":0,"2":0,"3":0,"4":0,"5":0,"6":0,"7":0,"8":0,"9":0,"10":0,"11":0,"12":0,"13":2,"14":2,"15":0,"16":2,"17":2,"18":2,"19":2,"20":2,"21":2,"22":6,"23":6,"24":6,"25":6,"26":2,"27":2,"28":2,"29":2,"30":2,"31":2,"32":2,"33":0,"34":0,"35":2,"36":0,"37":0,"38":2,"39":2,"40":2,"41":2,"42":2,"43":2,"44":20,"45":20,"46":20,"47":2,"48":2,"49":2,"50":2,"51":2,"52":72,"53":72,"54":72,"55":2,"56":2,"57":2,"58":2,"59":2,"60":2,"61":2,"62":2,"63":2,"64":2,"65":2,"66":2,"67":22,"68":2,"69":22,"70":2,"71":2,"72":2,"73":2,"74":22,"75":2,"76":2,"77":0,"78":2,"79":0,"80":2,"81":2,"82":72,"83":0,"84":72,"85":2,"86":2,"87":2,"88":2,"89":2,"90":2,"91":72,"92":72,"93":72,"94":2,"95":2,"96":2,"97":2,"98":0,"99":2,"100":2,"101":0,"102":2,"103":2,"104":2,"105":2,"106":2,"107":10,"108":2,"109":2,"110":20,"111":2,"112":2,"113":2,"114":2,"115":2,"116":60,"117":60,"118":2,"119":2,"120":6,"121":2,"122":2,"123":2,"124":1,"125":1,"126":1,"127":1,"128":1,"129":1,"130":24,"131":1,"132":19,"133":19,"134":1,"135":2,"136":2,"137":2,"138":2,"139":2,"140":2,"141":2,"142":2,"143":2,"144":2,"145":2,"146":2,"147":9},"f":{"0":0,"1":2,"2":2,"3":2,"4":22,"5":22,"6":22,"7":2,"8":72,"9":2,"10":10,"11":2,"12":20,"13":2,"14":60,"15":6,"16":1,"17":19,"18":2},"b":{"0":[0],"1":[0],"2":[0,0],"3":[0,2],"4":[0],"5":[0],"6":[0],"7":[0,2],"8":[0,2],"9":[0],"10":[0],"11":[0],"12":[0],"13":[0,2],"14":[0,2],"15":[0,72],"16":[72,72],"17":[0,2],"18":[2,0],"19":[0,2],"20":[60,6],"21":[2,0],"22":[0,0],"23":[2,0],"24":[2,0]},"_coverageSchema":"1a1c01bbd47fc00a2c39e90264f33305004495a9","hash":"4ca9919b9f6960b8168c2095ddb5c1036a55e018"}
,"C:\\Users\\sama\\SE_Mini_Project\\PESU_RR_AIML_D_P23_Real_time_Weather_Analytics_and_Prediction_Tool_Team-4Cast\\backend\\tests\\setup.js": {"path":"C:\\Users\\sama\\SE_Mini_Project\\PESU_RR_AIML_D_P23_Real_time_Weather_Analytics_and_Prediction_Tool_Team-4Cast\\backend\\tests\\setup.js","statementMap":{"0":{"start":{"line":1,"column":17},"end":{"line":1,"column":36}},"1":{"start":{"line":5,"column":2},"end":{"line":12,"column":3}},"2":{"start":{"line":6,"column":24},"end":{"line":6,"column":93}},"3":{"start":{"line":7,"column":4},"end":{"line":7,"column":40}},"4":{"start":{"line":8,"column":4},"end":{"line":8,"column":49}},"5":{"start":{"line":10,"column":4},"end":{"line":10,"column":54}},"6":{"start":{"line":11,"column":4},"end":{"line":11,"column":20}},"7":{"start":{"line":17,"column":2},"end":{"line":21,"column":3}},"8":{"start":{"line":18,"column":4},"end":{"line":18,"column":32}},"9":{"start":{"line":25,"column":0},"end":{"line":25,"column":36}},"10":{"start":{"line":26,"column":0},"end":{"line":26,"column":35}},"11":{"start":{"line":29,"column":0},"end":{"line":31,"column":2}},"12":{"start":{"line":30,"column":2},"end":{"line":30,"column":20}},"13":{"start":{"line":34,"column":0},"end":{"line":34,"column":37}},"14":{"start":{"line":35,"column":0},"end":{"line":35,"column":43}}},"fnMap":{"0":{"name":"connectDB","decl":{"start":{"line":4,"column":15},"end":{"line":4,"column":24}},"loc":{"start":{"line":4,"column":27},"end":{"line":13,"column":1}},"line":4},"1":{"name":"disconnectDB","decl":{"start":{"line":16,"column":15},"end":{"line":16,"column":27}},"loc":{"start":{"line":16,"column":30},"end":{"line":22,"column":1}},"line":16},"2":{"name":"(anonymous_2)","decl":{"start":{"line":29,"column":17},"end":{"line":29,"column":18}},"loc":{"start":{"line":29,"column":29},"end":{"line":31,"column":1}},"line":29}},"branchMap":{"0":{"loc":{"start":{"line":6,"column":24},"end":{"line":6,"column":93}},"type":"binary-expr","locations":[{"start":{"line":6,"column":24},"end":{"line":6,"column":47}},{"start":{"line":6,"column":51},"end":{"line":6,"column":93}}],"line":6}},"s":{"0":1,"1":1,"2":1,"3":1,"4":1,"5":0,"6":0,"7":1,"8":1,"9":1,"10":1,"11":1,"12":0,"13":1,"14":1},"f":{"0":1,"1":1,"2":0},"b":{"0":[1,0]},"_coverageSchema":"1a1c01bbd47fc00a2c39e90264f33305004495a9","hash":"039e6b7e2b304a8616189a9321fc52527186ba02"}
}
