TN:
SF:admin.js
FN:9,validateApiKey
FN:10,(anonymous_1)
FN:46,(anonymous_2)
FN:48,(anonymous_3)
FN:49,(anonymous_4)
FN:83,(anonymous_5)
FN:89,readData
FN:111,writeData
FN:116,(anonymous_8)
FN:194,(anonymous_9)
FN:197,(anonymous_10)
FN:213,(anonymous_11)
FN:227,(anonymous_12)
FN:228,(anonymous_13)
FN:230,(anonymous_14)
FN:232,(anonymous_15)
FN:233,(anonymous_16)
FN:251,(anonymous_17)
FN:265,(anonymous_18)
FN:269,(anonymous_19)
FN:281,(anonymous_20)
FN:281,(anonymous_21)
FN:325,(anonymous_22)
FN:337,(anonymous_23)
FN:351,(anonymous_24)
FN:357,(anonymous_25)
FN:374,(anonymous_26)
FN:395,(anonymous_27)
FN:398,(anonymous_28)
FN:401,(anonymous_29)
FN:412,(anonymous_30)
FN:426,(anonymous_31)
FN:432,(anonymous_32)
FN:439,(anonymous_33)
FN:463,(anonymous_34)
FN:475,(anonymous_35)
FN:488,(anonymous_36)
FN:509,(anonymous_37)
FNF:38
FNH:4
FNDA:0,validateApiKey
FNDA:0,(anonymous_1)
FNDA:0,(anonymous_2)
FNDA:0,(anonymous_3)
FNDA:0,(anonymous_4)
FNDA:0,(anonymous_5)
FNDA:1,readData
FNDA:0,writeData
FNDA:0,(anonymous_8)
FNDA:1,(anonymous_9)
FNDA:2,(anonymous_10)
FNDA:0,(anonymous_11)
FNDA:0,(anonymous_12)
FNDA:0,(anonymous_13)
FNDA:0,(anonymous_14)
FNDA:0,(anonymous_15)
FNDA:0,(anonymous_16)
FNDA:0,(anonymous_17)
FNDA:0,(anonymous_18)
FNDA:0,(anonymous_19)
FNDA:0,(anonymous_20)
FNDA:0,(anonymous_21)
FNDA:0,(anonymous_22)
FNDA:0,(anonymous_23)
FNDA:0,(anonymous_24)
FNDA:0,(anonymous_25)
FNDA:0,(anonymous_26)
FNDA:0,(anonymous_27)
FNDA:0,(anonymous_28)
FNDA:0,(anonymous_29)
FNDA:0,(anonymous_30)
FNDA:0,(anonymous_31)
FNDA:0,(anonymous_32)
FNDA:0,(anonymous_33)
FNDA:0,(anonymous_34)
FNDA:0,(anonymous_35)
FNDA:1,(anonymous_36)
FNDA:0,(anonymous_37)
DA:1,9
DA:2,9
DA:3,9
DA:5,9
DA:6,9
DA:10,0
DA:12,0
DA:13,0
DA:15,0
DA:16,0
DA:17,0
DA:20,0
DA:21,0
DA:22,0
DA:27,0
DA:29,0
DA:30,0
DA:32,0
DA:33,0
DA:35,0
DA:36,0
DA:38,0
DA:39,0
DA:40,0
DA:43,0
DA:45,0
DA:46,0
DA:47,0
DA:48,0
DA:49,0
DA:50,0
DA:51,0
DA:52,0
DA:53,0
DA:55,0
DA:57,0
DA:58,0
DA:59,0
DA:61,0
DA:63,0
DA:65,0
DA:66,0
DA:67,0
DA:69,0
DA:70,0
DA:71,0
DA:74,0
DA:75,0
DA:80,0
DA:84,0
DA:90,1
DA:91,1
DA:92,0
DA:101,0
DA:102,0
DA:104,1
DA:106,0
DA:107,0
DA:112,0
DA:116,9
DA:117,0
DA:118,0
DA:120,0
DA:123,0
DA:124,0
DA:130,0
DA:132,0
DA:134,0
DA:135,0
DA:136,0
DA:142,0
DA:143,0
DA:144,0
DA:151,0
DA:152,0
DA:154,0
DA:155,0
DA:162,0
DA:163,0
DA:164,0
DA:168,0
DA:170,0
DA:178,0
DA:179,0
DA:181,0
DA:188,0
DA:189,0
DA:194,9
DA:195,1
DA:197,1
DA:198,2
DA:203,2
DA:206,1
DA:213,9
DA:214,0
DA:215,0
DA:217,0
DA:218,0
DA:224,0
DA:226,0
DA:227,0
DA:228,0
DA:229,0
DA:230,0
DA:231,0
DA:232,0
DA:233,0
DA:234,0
DA:235,0
DA:236,0
DA:245,0
DA:252,0
DA:260,0
DA:263,0
DA:265,0
DA:269,0
DA:270,0
DA:280,0
DA:281,0
DA:282,0
DA:284,0
DA:285,0
DA:288,0
DA:289,0
DA:292,0
DA:293,0
DA:294,0
DA:295,0
DA:296,0
DA:297,0
DA:299,0
DA:302,0
DA:306,0
DA:309,0
DA:313,0
DA:316,0
DA:317,0
DA:325,9
DA:326,0
DA:327,0
DA:337,9
DA:338,0
DA:340,0
DA:341,0
DA:344,0
DA:345,0
DA:348,0
DA:351,0
DA:352,0
DA:356,0
DA:357,0
DA:364,0
DA:365,0
DA:367,0
DA:374,9
DA:376,0
DA:378,0
DA:379,0
DA:382,0
DA:385,0
DA:393,0
DA:394,0
DA:395,0
DA:397,0
DA:398,0
DA:400,0
DA:401,0
DA:404,0
DA:406,0
DA:408,0
DA:411,0
DA:412,0
DA:414,0
DA:417,0
DA:418,0
DA:426,9
DA:427,0
DA:428,0
DA:432,9
DA:433,0
DA:434,0
DA:435,0
DA:438,0
DA:439,0
DA:441,0
DA:442,0
DA:445,0
DA:446,0
DA:447,0
DA:453,0
DA:454,0
DA:456,0
DA:463,9
DA:464,0
DA:465,0
DA:466,0
DA:468,0
DA:470,0
DA:471,0
DA:472,0
DA:474,0
DA:475,0
DA:478,0
DA:479,0
DA:481,0
DA:482,0
DA:488,9
DA:490,1
DA:491,1
DA:492,1
DA:493,1
DA:494,1
DA:495,1
DA:498,1
DA:499,1
DA:500,0
DA:501,0
DA:505,1
DA:509,9
DA:510,0
LF:220
LH:33
BRDA:12,0,0,0
BRDA:12,0,1,0
BRDA:15,1,0,0
BRDA:15,1,1,0
BRDA:20,2,0,0
BRDA:20,2,1,0
BRDA:27,3,0,0
BRDA:27,3,1,0
BRDA:27,3,2,0
BRDA:27,3,3,0
BRDA:45,4,0,0
BRDA:45,4,1,0
BRDA:55,5,0,0
BRDA:55,5,1,0
BRDA:55,5,2,0
BRDA:57,6,0,0
BRDA:57,6,1,0
BRDA:59,7,0,0
BRDA:59,7,1,0
BRDA:66,8,0,0
BRDA:66,8,1,0
BRDA:70,9,0,0
BRDA:70,9,1,0
BRDA:77,10,0,0
BRDA:77,10,1,0
BRDA:77,11,0,0
BRDA:77,11,1,0
BRDA:91,12,0,0
BRDA:91,12,1,1
BRDA:123,13,0,0
BRDA:123,13,1,0
BRDA:130,14,0,0
BRDA:134,15,0,0
BRDA:134,15,1,0
BRDA:142,16,0,0
BRDA:142,16,1,0
BRDA:154,17,0,0
BRDA:154,17,1,0
BRDA:157,18,0,0
BRDA:157,18,1,0
BRDA:163,19,0,0
BRDA:163,19,1,0
BRDA:197,20,0,1
BRDA:197,20,1,0
BRDA:217,21,0,0
BRDA:217,21,1,0
BRDA:226,22,0,0
BRDA:226,22,1,0
BRDA:265,23,0,0
BRDA:265,23,1,0
BRDA:272,24,0,0
BRDA:272,24,1,0
BRDA:273,25,0,0
BRDA:273,25,1,0
BRDA:274,26,0,0
BRDA:274,26,1,0
BRDA:275,27,0,0
BRDA:275,27,1,0
BRDA:292,28,0,0
BRDA:292,28,1,0
BRDA:294,29,0,0
BRDA:294,29,1,0
BRDA:328,30,0,0
BRDA:328,30,1,0
BRDA:340,31,0,0
BRDA:340,31,1,0
BRDA:344,32,0,0
BRDA:344,32,1,0
BRDA:344,33,0,0
BRDA:344,33,1,0
BRDA:344,33,2,0
BRDA:351,34,0,0
BRDA:351,34,1,0
BRDA:357,35,0,0
BRDA:357,35,1,0
BRDA:378,36,0,0
BRDA:378,36,1,0
BRDA:378,37,0,0
BRDA:378,37,1,0
BRDA:386,38,0,0
BRDA:386,38,1,0
BRDA:386,39,0,0
BRDA:386,39,1,0
BRDA:387,40,0,0
BRDA:387,40,1,0
BRDA:388,41,0,0
BRDA:388,41,1,0
BRDA:388,42,0,0
BRDA:388,42,1,0
BRDA:394,43,0,0
BRDA:394,43,1,0
BRDA:397,44,0,0
BRDA:397,44,1,0
BRDA:397,45,0,0
BRDA:397,45,1,0
BRDA:400,46,0,0
BRDA:400,46,1,0
BRDA:400,47,0,0
BRDA:400,47,1,0
BRDA:404,48,0,0
BRDA:404,48,1,0
BRDA:406,49,0,0
BRDA:406,49,1,0
BRDA:411,50,0,0
BRDA:411,50,1,0
BRDA:411,51,0,0
BRDA:411,51,1,0
BRDA:412,52,0,0
BRDA:412,52,1,0
BRDA:412,53,0,0
BRDA:412,53,1,0
BRDA:428,54,0,0
BRDA:428,54,1,0
BRDA:434,55,0,0
BRDA:434,55,1,0
BRDA:441,56,0,0
BRDA:441,56,1,0
BRDA:446,57,0,0
BRDA:446,57,1,0
BRDA:465,58,0,0
BRDA:465,58,1,0
BRDA:468,59,0,0
BRDA:468,59,1,0
BRDA:470,60,0,0
BRDA:470,60,1,0
BRDA:471,61,0,0
BRDA:471,61,1,0
BRDA:471,62,0,0
BRDA:471,62,1,0
BRDA:472,63,0,0
BRDA:472,63,1,0
BRDA:474,64,0,0
BRDA:474,64,1,0
BRDA:474,65,0,0
BRDA:474,65,1,0
BRDA:499,66,0,0
BRDA:499,66,1,1
BRF:137
BRH:3
end_of_record
TN:
SF:server.js
FN:36,(anonymous_0)
FN:37,(anonymous_1)
FN:54,(anonymous_2)
FN:69,(anonymous_3)
FN:76,(anonymous_4)
FN:79,(anonymous_5)
FN:82,(anonymous_6)
FN:98,(anonymous_7)
FN:113,(anonymous_8)
FN:124,(anonymous_9)
FN:132,(anonymous_10)
FN:143,(anonymous_11)
FN:153,(anonymous_12)
FN:160,(anonymous_13)
FN:163,(anonymous_14)
FN:169,(anonymous_15)
FN:172,(anonymous_16)
FN:177,(anonymous_17)
FN:180,(anonymous_18)
FN:187,(anonymous_19)
FN:204,(anonymous_20)
FNF:21
FNH:5
FNDA:21,(anonymous_0)
FNDA:21,(anonymous_1)
FNDA:9,(anonymous_2)
FNDA:0,(anonymous_3)
FNDA:0,(anonymous_4)
FNDA:1,(anonymous_5)
FNDA:0,(anonymous_6)
FNDA:0,(anonymous_7)
FNDA:0,(anonymous_8)
FNDA:0,(anonymous_9)
FNDA:0,(anonymous_10)
FNDA:0,(anonymous_11)
FNDA:0,(anonymous_12)
FNDA:0,(anonymous_13)
FNDA:0,(anonymous_14)
FNDA:0,(anonymous_15)
FNDA:0,(anonymous_16)
FNDA:0,(anonymous_17)
FNDA:0,(anonymous_18)
FNDA:0,(anonymous_19)
FNDA:9,(anonymous_20)
DA:1,9
DA:2,9
DA:3,9
DA:4,9
DA:5,9
DA:6,9
DA:8,9
DA:9,9
DA:10,9
DA:11,9
DA:12,9
DA:13,9
DA:14,9
DA:15,9
DA:17,9
DA:19,9
DA:20,9
DA:23,9
DA:27,9
DA:36,9
DA:37,21
DA:38,21
DA:39,1
DA:45,21
DA:49,9
DA:50,9
DA:55,9
DA:56,9
DA:59,9
DA:60,9
DA:61,9
DA:62,9
DA:64,0
DA:65,0
DA:67,9
DA:70,0
DA:71,0
DA:72,0
DA:76,9
DA:77,0
DA:79,9
DA:80,1
DA:82,9
DA:83,0
DA:87,9
DA:88,9
DA:89,9
DA:90,9
DA:91,9
DA:92,9
DA:93,9
DA:94,9
DA:97,9
DA:98,9
DA:99,0
DA:100,0
DA:101,0
DA:102,0
DA:103,0
DA:104,0
DA:105,0
DA:107,0
DA:108,0
DA:113,9
DA:114,0
DA:115,0
DA:116,0
DA:118,0
DA:119,0
DA:124,9
DA:125,0
DA:132,9
DA:133,0
DA:143,9
DA:144,0
DA:145,0
DA:146,0
DA:153,9
DA:154,0
DA:158,0
DA:160,9
DA:161,0
DA:162,0
DA:163,0
DA:164,0
DA:169,9
DA:170,0
DA:171,0
DA:172,0
DA:173,0
DA:174,0
DA:177,9
DA:178,0
DA:179,0
DA:180,0
DA:181,0
DA:182,0
DA:187,9
DA:188,0
DA:189,0
DA:190,0
DA:191,0
DA:192,0
DA:193,0
DA:194,0
DA:196,0
DA:197,0
DA:198,0
DA:199,0
DA:200,0
DA:201,0
DA:204,9
DA:205,9
DA:206,9
DA:209,9
LF:115
LH:60
BRDA:20,0,0,9
BRDA:20,0,1,0
BRDA:38,1,0,1
BRDA:38,1,1,20
BRDA:49,2,0,9
BRDA:49,2,1,0
BRDA:101,3,0,0
BRDA:101,3,1,0
BRDA:103,4,0,0
BRDA:103,4,1,0
BRDA:136,5,0,0
BRDA:136,5,1,0
BRDA:148,6,0,0
BRDA:148,6,1,0
BRF:14
BRH:4
end_of_record
TN:
SF:controllers\alertsController.js
FN:16,scrapeStatewiseAlerts
FN:25,(anonymous_1)
FN:70,extractSeverity
FN:79,getAlertColor
FN:89,(anonymous_4)
FN:102,(anonymous_5)
FN:108,(anonymous_6)
FN:109,(anonymous_7)
FN:123,(anonymous_8)
FN:126,(anonymous_9)
FN:131,(anonymous_10)
FN:154,(anonymous_11)
FN:159,(anonymous_12)
FN:167,(anonymous_13)
FN:179,(anonymous_14)
FN:204,(anonymous_15)
FN:238,(anonymous_16)
FNF:17
FNH:5
FNDA:1,scrapeStatewiseAlerts
FNDA:1,(anonymous_1)
FNDA:0,extractSeverity
FNDA:0,getAlertColor
FNDA:0,(anonymous_4)
FNDA:2,(anonymous_5)
FNDA:3,(anonymous_6)
FNDA:1,(anonymous_7)
FNDA:0,(anonymous_8)
FNDA:0,(anonymous_9)
FNDA:0,(anonymous_10)
FNDA:0,(anonymous_11)
FNDA:0,(anonymous_12)
FNDA:0,(anonymous_13)
FNDA:0,(anonymous_14)
FNDA:0,(anonymous_15)
FNDA:0,(anonymous_16)
DA:2,9
DA:3,9
DA:4,9
DA:5,9
DA:6,9
DA:8,9
DA:9,9
DA:10,9
DA:11,9
DA:13,9
DA:17,1
DA:18,1
DA:19,1
DA:20,1
DA:21,1
DA:25,1
DA:26,1
DA:27,1
DA:28,0
DA:29,0
DA:32,0
DA:39,0
DA:41,0
DA:52,1
DA:53,1
DA:54,1
DA:61,1
DA:62,1
DA:64,0
DA:65,0
DA:71,0
DA:72,0
DA:73,0
DA:74,0
DA:75,0
DA:80,0
DA:81,0
DA:82,0
DA:83,0
DA:84,0
DA:85,0
DA:89,9
DA:90,0
DA:92,0
DA:93,0
DA:95,0
DA:96,0
DA:97,0
DA:98,0
DA:102,9
DA:103,2
DA:104,2
DA:106,1
DA:107,1
DA:108,3
DA:109,1
DA:117,1
DA:118,1
DA:119,1
DA:123,9
DA:124,0
DA:125,0
DA:126,0
DA:127,0
DA:128,0
DA:129,0
DA:130,0
DA:131,0
DA:132,0
DA:133,0
DA:135,0
DA:136,0
DA:137,0
DA:138,0
DA:140,0
DA:148,9
DA:149,9
DA:154,9
DA:155,0
DA:156,0
DA:159,9
DA:160,0
DA:161,0
DA:162,0
DA:167,9
DA:168,0
DA:169,0
DA:171,0
DA:172,0
DA:173,0
DA:175,0
DA:179,0
DA:196,0
DA:198,0
DA:199,0
DA:204,9
DA:205,0
DA:206,0
DA:208,0
DA:209,0
DA:210,0
DA:211,0
DA:212,0
DA:213,0
DA:216,0
DA:217,0
DA:222,0
DA:227,0
DA:233,0
DA:234,0
DA:238,9
DA:239,0
DA:240,0
DA:241,0
DA:244,0
DA:245,0
DA:249,0
DA:255,0
DA:256,0
LF:119
LH:42
BRDA:27,0,0,0
BRDA:27,0,1,1
BRDA:32,1,0,0
BRDA:32,1,1,0
BRDA:32,2,0,0
BRDA:32,2,1,0
BRDA:32,2,2,0
BRDA:32,2,3,0
BRDA:32,2,4,0
BRDA:43,3,0,0
BRDA:43,3,1,0
BRDA:52,4,0,1
BRDA:52,4,1,0
BRDA:72,5,0,0
BRDA:72,5,1,0
BRDA:72,6,0,0
BRDA:72,6,1,0
BRDA:73,7,0,0
BRDA:73,7,1,0
BRDA:73,8,0,0
BRDA:73,8,1,0
BRDA:74,9,0,0
BRDA:74,9,1,0
BRDA:74,10,0,0
BRDA:74,10,1,0
BRDA:81,11,0,0
BRDA:81,11,1,0
BRDA:81,12,0,0
BRDA:81,12,1,0
BRDA:82,13,0,0
BRDA:82,13,1,0
BRDA:82,14,0,0
BRDA:82,14,1,0
BRDA:82,14,2,0
BRDA:83,15,0,0
BRDA:83,15,1,0
BRDA:83,16,0,0
BRDA:83,16,1,0
BRDA:84,17,0,0
BRDA:84,17,1,0
BRDA:84,18,0,0
BRDA:84,18,1,0
BRDA:92,19,0,0
BRDA:92,19,1,0
BRDA:92,20,0,0
BRDA:92,20,1,0
BRDA:104,21,0,1
BRDA:104,21,1,1
BRDA:104,22,0,2
BRDA:104,22,1,1
BRDA:108,23,0,3
BRDA:108,23,1,3
BRDA:169,24,0,0
BRDA:172,25,0,0
BRDA:172,25,1,0
BRDA:173,26,0,0
BRDA:173,26,1,0
BRDA:209,27,0,0
BRDA:209,27,1,0
BRDA:210,28,0,0
BRDA:210,28,1,0
BRDA:210,29,0,0
BRDA:210,29,1,0
BRDA:212,30,0,0
BRDA:212,30,1,0
BRDA:213,31,0,0
BRDA:213,31,1,0
BRF:67
BRH:8
end_of_record
TN:
SF:controllers\analyticsController.js
FN:6,(anonymous_0)
FN:35,(anonymous_1)
FN:57,(anonymous_2)
FN:79,(anonymous_3)
FN:101,(anonymous_4)
FN:123,(anonymous_5)
FN:145,(anonymous_6)
FNF:7
FNH:7
FNDA:1,(anonymous_0)
FNDA:1,(anonymous_1)
FNDA:1,(anonymous_2)
FNDA:1,(anonymous_3)
FNDA:1,(anonymous_4)
FNDA:1,(anonymous_5)
FNDA:1,(anonymous_6)
DA:1,9
DA:6,9
DA:7,1
DA:8,1
DA:10,1
DA:12,1
DA:17,1
DA:23,0
DA:24,0
DA:35,9
DA:36,1
DA:37,1
DA:39,1
DA:45,0
DA:46,0
DA:57,9
DA:58,1
DA:59,1
DA:61,1
DA:67,0
DA:68,0
DA:79,9
DA:80,1
DA:81,1
DA:83,1
DA:89,0
DA:90,0
DA:101,9
DA:102,1
DA:103,1
DA:105,1
DA:111,0
DA:112,0
DA:123,9
DA:124,1
DA:125,1
DA:127,1
DA:133,0
DA:134,0
DA:145,9
DA:146,1
DA:147,1
DA:149,1
DA:157,1
DA:169,0
DA:170,0
LF:46
LH:32
BRDA:8,0,0,1
BRDA:8,1,0,1
BRF:2
BRH:2
end_of_record
TN:
SF:controllers\backfillController.js
FN:8,(anonymous_0)
FN:116,(anonymous_1)
FNF:2
FNH:2
FNDA:1,(anonymous_0)
FNDA:1,(anonymous_1)
DA:1,9
DA:2,9
DA:8,9
DA:9,1
DA:10,1
DA:11,0
DA:13,1
DA:14,1
DA:15,1
DA:17,1
DA:18,1
DA:19,1
DA:20,1
DA:22,1
DA:24,1
DA:26,0
DA:27,0
DA:28,0
DA:29,0
DA:31,0
DA:33,0
DA:34,0
DA:35,0
DA:36,0
DA:37,0
DA:38,0
DA:39,0
DA:42,0
DA:43,0
DA:45,0
DA:46,0
DA:47,0
DA:48,0
DA:49,0
DA:51,0
DA:52,0
DA:53,0
DA:54,0
DA:55,0
DA:56,0
DA:57,0
DA:58,0
DA:60,0
DA:61,0
DA:64,0
DA:65,0
DA:66,0
DA:67,0
DA:68,0
DA:69,0
DA:70,0
DA:71,0
DA:72,0
DA:73,0
DA:74,0
DA:75,0
DA:76,0
DA:77,0
DA:78,0
DA:79,0
DA:80,0
DA:81,0
DA:82,0
DA:83,0
DA:84,0
DA:85,0
DA:86,0
DA:87,0
DA:90,0
DA:104,1
DA:106,1
DA:107,1
DA:108,1
DA:110,0
DA:111,0
DA:112,0
DA:116,9
DA:117,1
DA:118,1
DA:124,0
LF:80
LH:21
BRDA:10,0,0,0
BRDA:10,0,1,1
BRDA:34,1,0,0
BRDA:34,1,1,0
BRDA:36,2,0,0
BRDA:36,2,1,0
BRDA:38,3,0,0
BRDA:38,3,1,0
BRDA:43,4,0,0
BRDA:43,4,1,0
BRDA:53,5,0,0
BRDA:53,5,1,0
BRDA:55,6,0,0
BRDA:55,6,1,0
BRDA:57,7,0,0
BRDA:57,7,1,0
BRDA:64,8,0,0
BRDA:64,8,1,0
BRDA:68,9,0,0
BRDA:68,9,1,0
BRDA:72,10,0,0
BRDA:72,10,1,0
BRDA:76,11,0,0
BRDA:76,11,1,0
BRDA:80,12,0,0
BRDA:80,12,1,0
BRDA:84,13,0,0
BRDA:84,13,1,0
BRDA:120,14,0,0
BRDA:120,14,1,1
BRF:30
BRH:2
end_of_record
TN:
SF:models\Alert.js
FNF:0
FNH:0
DA:1,9
DA:3,9
DA:47,9
DA:48,9
DA:49,9
DA:51,9
DA:53,9
LF:7
LH:7
BRF:0
BRH:0
end_of_record
TN:
SF:models\ApiEvent.js
FNF:0
FNH:0
DA:1,9
DA:3,9
DA:20,9
DA:22,9
LF:4
LH:4
BRF:0
BRH:0
end_of_record
TN:
SF:models\alertHistory.js
FN:6,parseCSV
FN:11,(anonymous_1)
FN:18,(anonymous_2)
FN:20,(anonymous_3)
FN:31,(anonymous_4)
FN:34,(anonymous_5)
FNF:6
FNH:0
FNDA:0,parseCSV
FNDA:0,(anonymous_1)
FNDA:0,(anonymous_2)
FNDA:0,(anonymous_3)
FNDA:0,(anonymous_4)
FNDA:0,(anonymous_5)
DA:1,9
DA:2,9
DA:4,9
DA:7,0
DA:11,0
DA:12,0
DA:13,0
DA:18,9
DA:19,0
DA:20,0
DA:21,0
DA:31,9
DA:32,0
DA:33,0
DA:34,0
DA:35,0
DA:36,0
DA:38,0
LF:18
LH:5
BRDA:21,0,0,0
BRDA:21,0,1,0
BRDA:21,0,2,0
BRDA:21,0,3,0
BRDA:21,0,4,0
BRDA:21,0,5,0
BRDA:21,0,6,0
BRDA:21,0,7,0
BRDA:21,0,8,0
BRDA:21,0,9,0
BRDA:21,0,10,0
BRDA:21,0,11,0
BRDA:36,1,0,0
BRDA:36,1,1,0
BRF:14
BRH:0
end_of_record
TN:
SF:routes\admin.js
FNF:0
FNH:0
DA:2,9
DA:3,9
DA:5,9
DA:8,9
DA:9,9
DA:12,9
DA:15,9
DA:16,9
DA:17,9
DA:18,9
DA:21,9
DA:22,9
DA:25,9
DA:26,9
DA:29,9
LF:15
LH:15
BRF:0
BRH:0
end_of_record
TN:
SF:routes\alerts.js
FNF:0
FNH:0
DA:2,9
DA:3,9
DA:13,9
DA:16,9
DA:19,9
DA:22,9
DA:25,9
DA:28,9
DA:31,9
DA:34,9
DA:35,9
DA:36,9
DA:38,9
LF:13
LH:13
BRF:0
BRH:0
end_of_record
TN:
SF:routes\analytics.js
FNF:0
FNH:0
DA:1,9
DA:2,9
DA:3,9
DA:6,9
DA:9,9
DA:10,9
DA:13,9
DA:14,9
DA:17,9
DA:20,9
DA:22,9
LF:11
LH:11
BRF:0
BRH:0
end_of_record
TN:
SF:routes\aqi.js
FN:22,(anonymous_0)
FN:77,(anonymous_1)
FN:83,(anonymous_2)
FN:91,(anonymous_3)
FN:95,(anonymous_4)
FNF:5
FNH:4
FNDA:1,(anonymous_0)
FNDA:1,(anonymous_1)
FNDA:70,(anonymous_2)
FNDA:1,(anonymous_3)
FNDA:0,(anonymous_4)
DA:1,9
DA:2,9
DA:3,9
DA:4,9
DA:5,9
DA:6,9
DA:8,9
DA:9,9
DA:12,9
DA:13,9
DA:16,9
DA:17,9
DA:18,0
DA:22,9
DA:23,1
DA:24,1
DA:26,0
DA:28,0
DA:31,0
DA:32,0
DA:35,0
DA:38,0
DA:40,0
DA:43,0
DA:47,0
DA:49,0
DA:50,0
DA:51,0
DA:52,0
DA:53,0
DA:54,0
DA:57,0
DA:58,0
DA:61,0
DA:71,0
DA:72,0
DA:77,9
DA:78,1
DA:80,1
DA:81,1
DA:84,70
DA:93,1
DA:96,0
DA:97,0
DA:101,9
LF:45
LH:22
BRDA:17,0,0,0
BRDA:17,0,1,9
BRDA:24,1,0,1
BRDA:24,1,1,0
BRDA:32,2,0,0
BRDA:32,2,1,0
BRDA:38,3,0,0
BRDA:38,3,1,0
BRDA:47,4,0,0
BRDA:47,4,1,0
BRDA:47,5,0,0
BRDA:47,5,1,0
BRDA:52,6,0,0
BRDA:52,6,1,0
BRDA:53,7,0,0
BRDA:53,7,1,0
BRDA:53,8,0,0
BRDA:53,8,1,0
BRDA:68,9,0,0
BRDA:68,9,1,0
BRDA:71,10,0,0
BRDA:71,10,1,0
BRDA:71,10,2,0
BRDA:71,10,3,0
BRDA:78,11,0,0
BRDA:78,11,1,1
BRF:26
BRH:3
end_of_record
TN:
SF:routes\backfill.js
FNF:0
FNH:0
DA:1,9
DA:2,9
DA:3,9
DA:6,9
DA:9,9
DA:11,9
LF:6
LH:6
BRF:0
BRH:0
end_of_record
TN:
SF:routes\dashboard.js
FN:8,(anonymous_0)
FN:47,(anonymous_1)
FN:61,(anonymous_2)
FN:87,(anonymous_3)
FN:88,(anonymous_4)
FN:90,(anonymous_5)
FN:91,(anonymous_6)
FN:112,(anonymous_7)
FN:132,(anonymous_8)
FN:144,(anonymous_9)
FN:163,(anonymous_10)
FNF:11
FNH:2
FNDA:1,(anonymous_0)
FNDA:1,(anonymous_1)
FNDA:0,(anonymous_2)
FNDA:0,(anonymous_3)
FNDA:0,(anonymous_4)
FNDA:0,(anonymous_5)
FNDA:0,(anonymous_6)
FNDA:0,(anonymous_7)
FNDA:0,(anonymous_8)
FNDA:0,(anonymous_9)
FNDA:0,(anonymous_10)
DA:1,9
DA:2,9
DA:3,9
DA:4,9
DA:5,9
DA:8,9
DA:9,1
DA:11,1
DA:14,1
DA:19,1
DA:20,1
DA:23,1
DA:29,1
DA:34,1
DA:41,0
DA:42,0
DA:47,9
DA:48,1
DA:49,1
DA:53,1
DA:55,0
DA:56,0
DA:61,9
DA:62,0
DA:63,0
DA:65,0
DA:66,0
DA:72,0
DA:73,0
DA:75,0
DA:78,0
DA:87,0
DA:88,0
DA:89,0
DA:90,0
DA:91,0
DA:92,0
DA:93,0
DA:95,0
DA:101,0
DA:102,0
DA:109,0
DA:110,0
DA:112,0
DA:113,0
DA:114,0
DA:116,0
DA:117,0
DA:125,0
DA:126,0
DA:127,0
DA:128,0
DA:129,0
DA:132,0
DA:133,0
DA:134,0
DA:136,0
DA:143,0
DA:144,0
DA:145,0
DA:146,0
DA:147,0
DA:150,0
DA:151,0
DA:154,0
DA:157,0
DA:163,0
DA:165,0
DA:172,9
LF:69
LH:20
BRDA:63,0,0,0
BRDA:63,0,1,0
BRDA:65,1,0,0
BRDA:65,1,1,0
BRDA:101,2,0,0
BRDA:101,2,1,0
BRDA:101,3,0,0
BRDA:101,3,1,0
BRDA:116,4,0,0
BRDA:116,4,1,0
BRDA:125,5,0,0
BRDA:125,5,1,0
BRDA:126,6,0,0
BRDA:126,6,1,0
BRDA:127,7,0,0
BRDA:127,7,1,0
BRDA:133,8,0,0
BRDA:133,8,1,0
BRDA:134,9,0,0
BRDA:134,9,1,0
BRF:20
BRH:0
end_of_record
TN:
SF:routes\predict.js
FN:6,(anonymous_0)
FN:7,(anonymous_1)
FNF:2
FNH:2
FNDA:1,(anonymous_0)
FNDA:1,(anonymous_1)
DA:2,9
DA:3,9
DA:4,9
DA:6,9
DA:7,1
DA:8,1
DA:9,0
DA:10,0
DA:12,0
DA:17,9
LF:10
LH:7
BRDA:8,0,0,1
BRDA:8,0,1,0
BRF:2
BRH:1
end_of_record
TN:
SF:routes\weather.js
FN:10,(anonymous_0)
FN:14,(anonymous_1)
FN:40,(anonymous_2)
FN:44,(anonymous_3)
FN:46,(anonymous_4)
FN:63,(anonymous_5)
FN:68,(anonymous_6)
FNF:7
FNH:7
FNDA:1,(anonymous_0)
FNDA:1,(anonymous_1)
FNDA:1,(anonymous_2)
FNDA:1,(anonymous_3)
FNDA:40,(anonymous_4)
FNDA:1,(anonymous_5)
FNDA:44,(anonymous_6)
DA:2,9
DA:3,9
DA:4,9
DA:5,9
DA:7,9
DA:10,9
DA:11,1
DA:12,1
DA:13,1
DA:14,1
DA:17,1
DA:18,1
DA:27,1
DA:28,1
DA:30,1
DA:32,0
DA:35,0
DA:40,9
DA:41,1
DA:42,1
DA:43,1
DA:44,1
DA:45,1
DA:46,40
DA:53,1
DA:55,0
DA:58,0
DA:63,9
DA:64,1
DA:65,1
DA:66,1
DA:68,44
DA:69,1
DA:71,0
DA:75,9
LF:35
LH:30
BRDA:17,0,0,1
BRDA:17,0,1,0
BRDA:17,1,0,1
BRDA:17,1,1,1
BRDA:17,1,2,1
BRDA:17,1,3,1
BRDA:17,1,4,1
BRDA:24,2,0,1
BRDA:24,2,1,1
BRDA:45,3,0,1
BRDA:45,3,1,0
BRDA:45,4,0,1
BRDA:45,4,1,1
BRDA:48,5,0,40
BRDA:48,5,1,40
BRDA:49,6,0,40
BRDA:49,6,1,40
BRDA:49,6,2,40
BRDA:50,7,0,40
BRDA:50,7,1,40
BRDA:50,7,2,40
BRDA:51,8,0,40
BRDA:51,8,1,40
BRDA:51,8,2,40
BRF:24
BRH:22
end_of_record
TN:
SF:services\uptimeMonitor.js
FN:3,(anonymous_0)
FN:12,(anonymous_1)
FN:18,(anonymous_2)
FN:28,(anonymous_3)
FN:44,(anonymous_4)
FN:62,(anonymous_5)
FN:69,(anonymous_6)
FN:73,(anonymous_7)
FN:77,(anonymous_8)
FN:78,(anonymous_9)
FN:92,(anonymous_10)
FN:97,(anonymous_11)
FN:109,(anonymous_12)
FN:113,(anonymous_13)
FN:121,(anonymous_14)
FNF:15
FNH:3
FNDA:9,(anonymous_0)
FNDA:0,(anonymous_1)
FNDA:0,(anonymous_2)
FNDA:0,(anonymous_3)
FNDA:11,(anonymous_4)
FNDA:0,(anonymous_5)
FNDA:0,(anonymous_6)
FNDA:0,(anonymous_7)
FNDA:0,(anonymous_8)
FNDA:0,(anonymous_9)
FNDA:0,(anonymous_10)
FNDA:0,(anonymous_11)
FNDA:9,(anonymous_12)
FNDA:0,(anonymous_13)
FNDA:0,(anonymous_14)
DA:4,9
DA:5,9
DA:6,9
DA:7,9
DA:8,9
DA:13,0
DA:14,0
DA:15,0
DA:18,0
DA:19,0
DA:21,0
DA:22,0
DA:24,0
DA:29,0
DA:30,0
DA:32,0
DA:33,0
DA:34,0
DA:35,0
DA:37,0
DA:38,0
DA:39,0
DA:40,0
DA:45,11
DA:52,11
DA:55,11
DA:56,0
DA:60,11
DA:61,10
DA:62,10
DA:65,11
DA:70,0
DA:71,0
DA:73,0
DA:74,0
DA:77,0
DA:78,0
DA:79,0
DA:80,0
DA:83,0
DA:93,0
DA:98,0
DA:110,9
DA:113,9
DA:114,0
DA:115,0
DA:122,0
DA:123,0
DA:124,0
DA:130,9
DA:132,9
LF:51
LH:16
BRDA:37,0,0,0
BRDA:37,0,1,0
BRDA:38,1,0,0
BRDA:38,1,1,0
BRDA:39,2,0,0
BRDA:39,2,1,0
BRDA:44,3,0,0
BRDA:47,4,0,11
BRDA:47,4,1,0
BRDA:49,5,0,11
BRDA:49,5,1,0
BRDA:55,6,0,0
BRDA:55,6,1,11
BRDA:60,7,0,10
BRDA:60,7,1,1
BRDA:79,8,0,0
BRDA:79,8,1,0
BRDA:92,9,0,0
BRDA:114,10,0,0
BRDA:114,10,1,0
BRDA:122,11,0,0
BRDA:122,11,1,0
BRF:22
BRH:5
end_of_record
TN:
SF:services\weatherMonitor.js
FN:30,updateThresholds
FN:36,getThresholds
FN:41,checkWeatherConditions
FN:165,createAlert
FN:198,startMonitoring
FN:200,(anonymous_5)
FNF:6
FNH:3
FNDA:0,updateThresholds
FNDA:0,getThresholds
FNDA:9,checkWeatherConditions
FNDA:0,createAlert
FNDA:9,startMonitoring
FNDA:90,(anonymous_5)
DA:1,9
DA:2,9
DA:5,9
DA:19,9
DA:27,9
DA:31,0
DA:32,0
DA:37,0
DA:42,9
DA:44,9
DA:45,9
DA:46,0
DA:47,0
DA:50,9
DA:52,9
DA:53,23
DA:55,23
DA:64,14
DA:65,14
DA:66,14
DA:67,14
DA:68,14
DA:71,14
DA:72,0
DA:80,0
DA:81,14
DA:82,0
DA:90,0
DA:94,14
DA:95,0
DA:103,0
DA:107,14
DA:108,0
DA:116,0
DA:117,14
DA:118,0
DA:126,0
DA:130,14
DA:131,0
DA:139,0
DA:140,14
DA:141,0
DA:149,0
DA:153,0
DA:157,0
DA:158,0
DA:160,0
DA:166,0
DA:168,0
DA:169,0
DA:176,0
DA:177,0
DA:178,0
DA:182,0
DA:188,0
DA:189,0
DA:190,0
DA:192,0
DA:193,0
DA:199,9
DA:200,90
DA:201,9
DA:204,9
DA:207,9
DA:209,9
DA:212,9
LF:66
LH:31
BRDA:45,0,0,0
BRDA:45,0,1,9
BRDA:71,1,0,0
BRDA:71,1,1,14
BRDA:81,2,0,0
BRDA:81,2,1,14
BRDA:94,3,0,0
BRDA:94,3,1,14
BRDA:107,4,0,0
BRDA:107,4,1,14
BRDA:117,5,0,0
BRDA:117,5,1,14
BRDA:130,6,0,0
BRDA:130,6,1,14
BRDA:140,7,0,0
BRDA:140,7,1,14
BRDA:157,8,0,0
BRDA:157,8,1,0
BRDA:176,9,0,0
BRDA:176,9,1,0
BRF:20
BRH:8
end_of_record
TN:
SF:services\weatherPredictor.js
FN:5,(anonymous_0)
FN:24,(anonymous_1)
FN:44,(anonymous_2)
FN:95,(anonymous_3)
FN:116,(anonymous_4)
FN:118,(anonymous_5)
FN:127,(anonymous_6)
FN:133,(anonymous_7)
FN:158,(anonymous_8)
FN:220,(anonymous_9)
FN:230,(anonymous_10)
FN:237,(anonymous_11)
FN:248,(anonymous_12)
FN:255,(anonymous_13)
FN:265,(anonymous_14)
FN:271,(anonymous_15)
FN:287,(anonymous_16)
FN:298,(anonymous_17)
FN:311,(anonymous_18)
FNF:19
FNH:18
FNDA:0,(anonymous_0)
FNDA:2,(anonymous_1)
FNDA:2,(anonymous_2)
FNDA:2,(anonymous_3)
FNDA:22,(anonymous_4)
FNDA:22,(anonymous_5)
FNDA:22,(anonymous_6)
FNDA:2,(anonymous_7)
FNDA:72,(anonymous_8)
FNDA:2,(anonymous_9)
FNDA:10,(anonymous_10)
FNDA:2,(anonymous_11)
FNDA:20,(anonymous_12)
FNDA:2,(anonymous_13)
FNDA:60,(anonymous_14)
FNDA:6,(anonymous_15)
FNDA:1,(anonymous_16)
FNDA:19,(anonymous_17)
FNDA:2,(anonymous_18)
DA:1,9
DA:6,0
DA:8,0
DA:9,0
DA:10,0
DA:13,0
DA:14,0
DA:16,0
DA:17,0
DA:20,0
DA:25,2
DA:26,2
DA:28,2
DA:30,2
DA:31,6
DA:32,6
DA:33,6
DA:34,6
DA:37,2
DA:38,2
DA:40,2
DA:45,2
DA:46,2
DA:47,2
DA:49,2
DA:50,0
DA:51,0
DA:54,2
DA:55,0
DA:56,0
DA:59,2
DA:60,2
DA:62,2
DA:63,2
DA:66,2
DA:67,20
DA:68,20
DA:69,20
DA:72,2
DA:73,2
DA:76,2
DA:77,2
DA:78,72
DA:80,72
DA:81,72
DA:84,2
DA:85,2
DA:86,2
DA:87,2
DA:88,2
DA:89,2
DA:91,2
DA:96,2
DA:97,2
DA:99,2
DA:113,2
DA:115,2
DA:116,22
DA:118,22
DA:120,2
DA:121,2
DA:122,2
DA:124,2
DA:127,22
DA:134,2
DA:136,2
DA:137,0
DA:151,2
DA:152,0
DA:154,2
DA:158,2
DA:159,72
DA:160,72
DA:163,2
DA:166,2
DA:167,2
DA:169,2
DA:170,2
DA:171,72
DA:172,72
DA:173,72
DA:176,2
DA:177,2
DA:178,2
DA:182,2
DA:183,0
DA:184,2
DA:185,2
DA:187,0
DA:190,2
DA:209,2
DA:216,2
DA:221,2
DA:230,10
DA:238,2
DA:248,20
DA:256,2
DA:257,2
DA:259,2
DA:264,2
DA:265,2
DA:266,60
DA:267,60
DA:270,2
DA:271,6
DA:272,2
DA:273,2
DA:275,2
DA:288,1
DA:289,1
DA:291,1
DA:295,1
DA:296,24
DA:298,1
DA:299,19
DA:300,19
DA:303,1
DA:312,2
DA:314,2
DA:315,2
DA:316,2
DA:318,2
DA:319,2
DA:320,2
DA:322,2
DA:323,2
DA:324,2
DA:326,2
DA:328,2
DA:343,9
LF:130
LH:113
BRDA:5,0,0,0
BRDA:5,1,0,0
BRDA:6,2,0,0
BRDA:6,2,1,0
BRDA:26,3,0,0
BRDA:26,3,1,2
BRDA:44,4,0,0
BRDA:44,5,0,0
BRDA:44,6,0,0
BRDA:49,7,0,0
BRDA:49,7,1,2
BRDA:54,8,0,0
BRDA:54,8,1,2
BRDA:95,9,0,0
BRDA:95,10,0,0
BRDA:133,11,0,0
BRDA:133,12,0,0
BRDA:136,13,0,0
BRDA:136,13,1,2
BRDA:151,14,0,0
BRDA:151,14,1,2
BRDA:159,15,0,0
BRDA:159,15,1,72
BRDA:159,16,0,72
BRDA:159,16,1,72
BRDA:182,17,0,0
BRDA:182,17,1,2
BRDA:184,18,0,2
BRDA:184,18,1,0
BRDA:204,19,0,0
BRDA:204,19,1,2
BRDA:267,20,0,60
BRDA:267,20,1,6
BRDA:273,21,0,2
BRDA:273,21,1,0
BRDA:273,22,0,0
BRDA:273,22,1,0
BRDA:279,23,0,2
BRDA:279,23,1,0
BRDA:333,24,0,2
BRDA:333,24,1,0
BRF:41
BRH:16
end_of_record
TN:
SF:tests\setup.js
FN:4,connectDB
FN:16,disconnectDB
FN:29,(anonymous_2)
FNF:3
FNH:2
FNDA:1,connectDB
FNDA:1,disconnectDB
FNDA:0,(anonymous_2)
DA:1,1
DA:5,1
DA:6,1
DA:7,1
DA:8,1
DA:10,0
DA:11,0
DA:17,1
DA:18,1
DA:25,1
DA:26,1
DA:29,1
DA:30,0
DA:34,1
DA:35,1
LF:15
LH:12
BRDA:6,0,0,1
BRDA:6,0,1,0
BRF:2
BRH:1
end_of_record
